Log file open, 03/30/23 11:34:26
LogWindows: Failed to load 'aqProf.dll' (GetLastError=126)
LogWindows: File 'aqProf.dll' does not exist
LogWindows: Failed to load 'VtuneApi.dll' (GetLastError=126)
LogWindows: File 'VtuneApi.dll' does not exist
LogWindows: Failed to load 'VtuneApi32e.dll' (GetLastError=126)
LogWindows: File 'VtuneApi32e.dll' does not exist
LogConsoleResponse: Display: Failed to find resolution value strings in scalability ini. Falling back to default.
LogConsoleResponse: Display: Failed to find resolution value strings in scalability ini. Falling back to default.
LogInit: Display: Running engine for game: 내프로젝트
LogPlatformFile: Not using cached read wrapper
LogTaskGraph: Started task graph with 5 named threads and 20 total threads with 3 sets of task threads.
LogStats: Stats thread started at 0.248953
LogICUInternationalization: ICU TimeZone Detection - Raw Offset: +9:00, Platform Override: ''
LogInit: Display: Loading text-based GConfig....
LogPluginManager: Mounting plugin MeshPainting
LogPluginManager: Mounting plugin XGEController
LogPluginManager: Mounting plugin Paper2D
LogPluginManager: Mounting plugin LiveLink
LogPluginManager: Mounting plugin EnvironmentQueryEditor
LogPluginManager: Mounting plugin AISupport
LogPluginManager: Mounting plugin LightPropagationVolume
LogPluginManager: Mounting plugin CameraShakePreviewer
LogPluginManager: Mounting plugin GameplayCameras
LogPluginManager: Mounting plugin AnimationSharing
LogPluginManager: Mounting plugin CodeLiteSourceCodeAccess
LogPluginManager: Mounting plugin CLionSourceCodeAccess
LogPluginManager: Mounting plugin GitSourceControl
LogPluginManager: Mounting plugin KDevelopSourceCodeAccess
LogPluginManager: Mounting plugin NullSourceCodeAccess
LogPluginManager: Mounting plugin PerforceSourceControl
LogPluginManager: Mounting plugin PixWinPlugin
LogPluginManager: Mounting plugin PlasticSourceControl
LogPluginManager: Mounting plugin PluginUtils
LogPluginManager: Mounting plugin PropertyAccessNode
LogPluginManager: Mounting plugin RiderSourceCodeAccess
LogPluginManager: Mounting plugin SubversionSourceControl
LogPluginManager: Mounting plugin TextureFormatOodle
LogPluginManager: Mounting plugin UObjectPlugin
LogPluginManager: Mounting plugin VisualStudioCodeSourceCodeAccess
LogPluginManager: Mounting plugin VisualStudioSourceCodeAccess
LogPluginManager: Mounting plugin XCodeSourceCodeAccess
LogPluginManager: Mounting plugin OodleData
LogPluginManager: Mounting plugin AssetManagerEditor
LogPluginManager: Mounting plugin CryptoKeys
LogPluginManager: Mounting plugin OodleNetwork
LogPluginManager: Mounting plugin CurveEditorTools
LogPluginManager: Mounting plugin DataValidation
LogPluginManager: Mounting plugin FacialAnimation
LogPluginManager: Mounting plugin GameplayTagsEditor
LogPluginManager: Mounting plugin GeometryMode
LogPluginManager: Mounting plugin MacGraphicsSwitching
LogPluginManager: Mounting plugin MaterialAnalyzer
LogPluginManager: Mounting plugin MobileLauncherProfileWizard
LogPluginManager: Mounting plugin PluginBrowser
LogPluginManager: Mounting plugin SpeedTreeImporter
LogPluginManager: Mounting plugin DatasmithContent
LogPluginManager: Mounting plugin VariantManagerContent
LogPluginManager: Mounting plugin Niagara
LogPluginManager: Mounting plugin AlembicImporter
LogPluginManager: Mounting plugin AutomationUtils
LogPluginManager: Mounting plugin BackChannel
LogPluginManager: Mounting plugin ChaosCloth
LogPluginManager: Mounting plugin ChaosClothEditor
LogPluginManager: Mounting plugin ChaosEditor
LogPluginManager: Mounting plugin ChaosNiagara
LogPluginManager: Mounting plugin ChaosSolverPlugin
LogPluginManager: Mounting plugin CharacterAI
LogPluginManager: Mounting plugin LuminPlatformFeatures
LogPluginManager: Mounting plugin MagicLeap
LogPluginManager: Mounting plugin MagicLeapLightEstimation
LogPluginManager: Mounting plugin MagicLeapMedia
LogPluginManager: Mounting plugin MagicLeapPassableWorld
LogPluginManager: Mounting plugin MLSDK
LogPluginManager: Mounting plugin AndroidMedia
LogPluginManager: Mounting plugin AvfMedia
LogPluginManager: Mounting plugin ImgMedia
LogPluginManager: Mounting plugin MediaCompositing
LogPluginManager: Mounting plugin MediaPlayerEditor
LogPluginManager: Mounting plugin WebMMedia
LogPluginManager: Mounting plugin WmfMedia
LogPluginManager: Mounting plugin GeometryCache
LogPluginManager: Mounting plugin GeometryCollectionPlugin
LogPluginManager: Mounting plugin GeometryProcessing
LogPluginManager: Mounting plugin MotoSynth
LogPluginManager: Mounting plugin OpenImageDenoise
LogPluginManager: Mounting plugin PlanarCut
LogPluginManager: Mounting plugin PlatformCrypto
LogPluginManager: Mounting plugin ProxyLODPlugin
LogPluginManager: Mounting plugin PythonScriptPlugin
LogPluginManager: Mounting plugin TcpMessaging
LogPluginManager: Mounting plugin UdpMessaging
LogPluginManager: Mounting plugin SkeletalReduction
LogPluginManager: Mounting plugin ActorSequence
LogPluginManager: Mounting plugin LevelSequenceEditor
LogPluginManager: Mounting plugin MatineeToLevelSequence
LogPluginManager: Mounting plugin TemplateSequence
LogPluginManager: Mounting plugin OnlineSubsystem
LogPluginManager: Mounting plugin OnlineSubsystemNull
LogPluginManager: Mounting plugin OnlineSubsystemUtils
LogPluginManager: Mounting plugin LauncherChunkInstaller
LogPluginManager: Mounting plugin ActorLayerUtilities
LogPluginManager: Mounting plugin AndroidDeviceProfileSelector
LogPluginManager: Mounting plugin AndroidMoviePlayer
LogPluginManager: Mounting plugin AndroidPermission
LogPluginManager: Mounting plugin AppleImageUtils
LogPluginManager: Mounting plugin AppleMoviePlayer
LogPluginManager: Mounting plugin ArchVisCharacter
LogPluginManager: Mounting plugin AssetTags
LogPluginManager: Mounting plugin AudioCapture
LogPluginManager: Mounting plugin AudioSynesthesia
LogPluginManager: Mounting plugin CableComponent
LogPluginManager: Mounting plugin ChunkDownloader
LogPluginManager: Mounting plugin CustomMeshComponent
LogPluginManager: Mounting plugin EditableMesh
LogPluginManager: Mounting plugin ExampleDeviceProfileSelector
LogPluginManager: Mounting plugin ScreenshotTools
LogPluginManager: Mounting plugin GoogleCloudMessaging
LogPluginManager: Mounting plugin GooglePAD
LogPluginManager: Mounting plugin IOSDeviceProfileSelector
LogPluginManager: Mounting plugin LinuxDeviceProfileSelector
LogPluginManager: Mounting plugin LocationServicesBPLibrary
LogPluginManager: Mounting plugin MobilePatchingUtils
LogPluginManager: Mounting plugin OpenXR
LogPluginManager: Mounting plugin OpenXREyeTracker
LogPluginManager: Mounting plugin Takes
LogPluginManager: Mounting plugin OpenXRHandTracking
LogPluginManager: Mounting plugin PhysXVehicles
LogPluginManager: Mounting plugin PostSplashScreen
LogPluginManager: Mounting plugin ProceduralMeshComponent
LogPluginManager: Mounting plugin PropertyAccessEditor
LogPluginManager: Mounting plugin RuntimePhysXCooking
LogPluginManager: Mounting plugin SignificanceManager
LogPluginManager: Mounting plugin SoundFields
LogPluginManager: Mounting plugin Synthesis
LogPluginManager: Mounting plugin WebMMoviePlayer
LogPluginManager: Mounting plugin WindowsMoviePlayer
LogPluginManager: Mounting plugin ContentBrowserAssetDataSource
LogPluginManager: Mounting plugin ContentBrowserClassDataSource
LogPluginManager: Mounting plugin ContentBrowserFileDataSource
LogPluginManager: Mounting plugin OnlineSubsystemGooglePlay
LogPluginManager: Mounting plugin OnlineSubsystemIOS
LogPluginManager: Mounting plugin OculusVR
LogPluginManager: Mounting plugin SteamVR
PixWinPlugin: PIX capture plugin failed to initialize! Check that the process is launched from PIX.
LogInit: Using libcurl 7.55.1-DEV
LogInit:  - built for x86_64-pc-win32
LogInit:  - supports SSL with OpenSSL/1.1.1
LogInit:  - supports HTTP deflate (compression) using libz 1.2.8
LogInit:  - other features:
LogInit:      CURL_VERSION_SSL
LogInit:      CURL_VERSION_LIBZ
LogInit:      CURL_VERSION_IPV6
LogInit:      CURL_VERSION_ASYNCHDNS
LogInit:      CURL_VERSION_LARGEFILE
LogInit:      CURL_VERSION_IDN
LogInit:  CurlRequestOptions (configurable via config and command line):
LogInit:  - bVerifyPeer = true  - Libcurl will verify peer certificate
LogInit:  - bUseHttpProxy = false  - Libcurl will NOT use HTTP proxy
LogInit:  - bDontReuseConnections = false  - Libcurl will reuse connections
LogInit:  - MaxHostConnections = 16  - Libcurl will limit the number of connections to a host
LogInit:  - LocalHostAddr = Default
LogInit:  - BufferSize = 65536
LogOnline: OSS: Creating online subsystem instance for: NULL
LogInit: WinSock: version 1.1 (2.2), MaxSocks=32767, MaxUdp=65467
LogOnline: OSS: TryLoadSubsystemAndSetDefault: Loaded subsystem for module [NULL]
LogOculusPluginWrapper: OculusPlugin initialized successfully
LogHMD: Failed initializing OVRPlugin 1.59.0
LogInit: Build: ++UE4+Release-4.27-CL-18319896
LogInit: Engine Version: 4.27.2-18319896+++UE4+Release-4.27
LogInit: Compatible Engine Version: 4.27.0-17155196+++UE4+Release-4.27
LogInit: Net CL: 17155196
LogInit: OS: Windows 10 (Release 2009) (), CPU: Intel(R) Core(TM) i5-9600K CPU @ 3.70GHz, GPU: Intel(R) UHD Graphics 630
LogInit: Compiled (64-bit): Nov 30 2021 07:12:08
LogInit: Compiled with Visual C++: 19.24.28315.00
LogInit: Build Configuration: Development
LogInit: Branch Name: ++UE4+Release-4.27
LogInit: Command Line: 
LogInit: Base Directory: C:/Program Files/Epic Games/UE_4.27/Engine/Binaries/Win64/
LogInit: Allocator: TBB
LogInit: Installed Engine Build: 1
LogDevObjectVersion: Number of dev versions registered: 29
LogDevObjectVersion:   Dev-Blueprints (B0D832E4-1F89-4F0D-ACCF-7EB736FD4AA2): 10
LogDevObjectVersion:   Dev-Build (E1C64328-A22C-4D53-A36C-8E866417BD8C): 0
LogDevObjectVersion:   Dev-Core (375EC13C-06E4-48FB-B500-84F0262A717E): 4
LogDevObjectVersion:   Dev-Editor (E4B068ED-F494-42E9-A231-DA0B2E46BB41): 40
LogDevObjectVersion:   Dev-Framework (CFFC743F-43B0-4480-9391-14DF171D2073): 37
LogDevObjectVersion:   Dev-Mobile (B02B49B5-BB20-44E9-A304-32B752E40360): 3
LogDevObjectVersion:   Dev-Networking (A4E4105C-59A1-49B5-A7C5-40C4547EDFEE): 0
LogDevObjectVersion:   Dev-Online (39C831C9-5AE6-47DC-9A44-9C173E1C8E7C): 0
LogDevObjectVersion:   Dev-Physics (78F01B33-EBEA-4F98-B9B4-84EACCB95AA2): 14
LogDevObjectVersion:   Dev-Platform (6631380F-2D4D-43E0-8009-CF276956A95A): 0
LogDevObjectVersion:   Dev-Rendering (12F88B9F-8875-4AFC-A67C-D90C383ABD29): 45
LogDevObjectVersion:   Dev-Sequencer (7B5AE74C-D270-4C10-A958-57980B212A5A): 13
LogDevObjectVersion:   Dev-VR (D7296918-1DD6-4BDD-9DE2-64A83CC13884): 3
LogDevObjectVersion:   Dev-LoadTimes (C2A15278-BFE7-4AFE-6C17-90FF531DF755): 1
LogDevObjectVersion:   Private-Geometry (6EACA3D4-40EC-4CC1-B786-8BED09428FC5): 3
LogDevObjectVersion:   Dev-AnimPhys (29E575DD-E0A3-4627-9D10-D276232CDCEA): 17
LogDevObjectVersion:   Dev-Anim (AF43A65D-7FD3-4947-9873-3E8ED9C1BB05): 15
LogDevObjectVersion:   Dev-ReflectionCapture (6B266CEC-1EC7-4B8F-A30B-E4D90942FC07): 1
LogDevObjectVersion:   Dev-Automation (0DF73D61-A23F-47EA-B727-89E90C41499A): 1
LogDevObjectVersion:   FortniteMain (601D1886-AC64-4F84-AA16-D3DE0DEAC7D6): 47
LogDevObjectVersion:   FortniteRelease (E7086368-6B23-4C58-8439-1B7016265E91): 1
LogDevObjectVersion:   Dev-Enterprise (9DFFBCD6-494F-0158-E221-12823C92A888): 10
LogDevObjectVersion:   Dev-Niagara (F2AED0AC-9AFE-416F-8664-AA7FFA26D6FC): 1
LogDevObjectVersion:   Dev-Destruction (174F1F0B-B4C6-45A5-B13F-2EE8D0FB917D): 10
LogDevObjectVersion:   Dev-Physics-Ext (35F94A83-E258-406C-A318-09F59610247C): 41
LogDevObjectVersion:   Dev-PhysicsMaterial-Chaos (B68FC16E-8B1B-42E2-B453-215C058844FE): 1
LogDevObjectVersion:   Dev-CineCamera (B2E18506-4273-CFC2-A54E-F4BB758BBA07): 1
LogDevObjectVersion:   Dev-VirtualProduction (64F58936-FD1B-42BA-BA96-7289D5D0FA4E): 1
LogDevObjectVersion:   Dev-MediaFramework (6F0ED827-A609-4895-9C91-998D90180EA4): 2
LogInit: Presizing for max 25165824 objects, including 0 objects not considered by GC, pre-allocating 0 bytes for permanent pool.
LogConfig: Applying CVar settings from Section [/Script/Engine.StreamingSettings] File [C:/Users/user/Desktop/201904026 언리얼 엔진/MyLiz/Saved/Config/Windows/Engine.ini]
LogConfig: Setting CVar [[s.MinBulkDataSizeForAsyncLoading:131072]]
LogConfig: Setting CVar [[s.AsyncLoadingThreadEnabled:0]]
LogConfig: Setting CVar [[s.EventDrivenLoaderEnabled:1]]
LogConfig: Setting CVar [[s.WarnIfTimeLimitExceeded:0]]
LogConfig: Setting CVar [[s.TimeLimitExceededMultiplier:1.5]]
LogConfig: Setting CVar [[s.TimeLimitExceededMinTime:0.005]]
LogConfig: Setting CVar [[s.UseBackgroundLevelStreaming:1]]
LogConfig: Setting CVar [[s.PriorityAsyncLoadingExtraTime:15.0]]
LogConfig: Setting CVar [[s.LevelStreamingActorsUpdateTimeLimit:5.0]]
LogConfig: Setting CVar [[s.PriorityLevelStreamingActorsUpdateExtraTime:5.0]]
LogConfig: Setting CVar [[s.LevelStreamingComponentsRegistrationGranularity:10]]
LogConfig: Setting CVar [[s.UnregisterComponentsTimeLimit:1.0]]
LogConfig: Setting CVar [[s.LevelStreamingComponentsUnregistrationGranularity:5]]
LogConfig: Setting CVar [[s.FlushStreamingOnExit:1]]
LogInit: Object subsystem initialized
LogConfig: Setting CVar [[con.DebugEarlyDefault:1]]
LogConfig: Setting CVar [[r.setres:1280x720]]
[2023.03.30-02.34.27:243][  0]LogConfig: Setting CVar [[r.VSync:0]]
[2023.03.30-02.34.27:243][  0]LogConfig: Setting CVar [[r.RHICmdBypass:0]]
[2023.03.30-02.34.27:243][  0]LogConfig: Applying CVar settings from Section [/Script/Engine.RendererSettings] File [C:/Users/user/Desktop/201904026 언리얼 엔진/MyLiz/Saved/Config/Windows/Engine.ini]
[2023.03.30-02.34.27:243][  0]LogConfig: Setting CVar [[r.GPUCrashDebugging:0]]
[2023.03.30-02.34.27:243][  0]LogConfig: Applying CVar settings from Section [/Script/Engine.RendererOverrideSettings] File [C:/Users/user/Desktop/201904026 언리얼 엔진/MyLiz/Saved/Config/Windows/Engine.ini]
[2023.03.30-02.34.27:243][  0]LogConfig: Applying CVar settings from Section [/Script/Engine.StreamingSettings] File [C:/Users/user/Desktop/201904026 언리얼 엔진/MyLiz/Saved/Config/Windows/Engine.ini]
[2023.03.30-02.34.27:243][  0]LogConfig: Setting CVar [[s.MinBulkDataSizeForAsyncLoading:131072]]
[2023.03.30-02.34.27:243][  0]LogConfig: Setting CVar [[s.AsyncLoadingThreadEnabled:0]]
[2023.03.30-02.34.27:243][  0]LogConfig: Setting CVar [[s.EventDrivenLoaderEnabled:1]]
[2023.03.30-02.34.27:243][  0]LogConfig: Setting CVar [[s.WarnIfTimeLimitExceeded:0]]
[2023.03.30-02.34.27:243][  0]LogConfig: Setting CVar [[s.TimeLimitExceededMultiplier:1.5]]
[2023.03.30-02.34.27:243][  0]LogConfig: Setting CVar [[s.TimeLimitExceededMinTime:0.005]]
[2023.03.30-02.34.27:243][  0]LogConfig: Setting CVar [[s.UseBackgroundLevelStreaming:1]]
[2023.03.30-02.34.27:243][  0]LogConfig: Setting CVar [[s.PriorityAsyncLoadingExtraTime:15.0]]
[2023.03.30-02.34.27:243][  0]LogConfig: Setting CVar [[s.LevelStreamingActorsUpdateTimeLimit:5.0]]
[2023.03.30-02.34.27:243][  0]LogConfig: Setting CVar [[s.PriorityLevelStreamingActorsUpdateExtraTime:5.0]]
[2023.03.30-02.34.27:243][  0]LogConfig: Setting CVar [[s.LevelStreamingComponentsRegistrationGranularity:10]]
[2023.03.30-02.34.27:243][  0]LogConfig: Setting CVar [[s.UnregisterComponentsTimeLimit:1.0]]
[2023.03.30-02.34.27:243][  0]LogConfig: Setting CVar [[s.LevelStreamingComponentsUnregistrationGranularity:5]]
[2023.03.30-02.34.27:243][  0]LogConfig: Setting CVar [[s.FlushStreamingOnExit:1]]
[2023.03.30-02.34.27:243][  0]LogConfig: Applying CVar settings from Section [/Script/Engine.GarbageCollectionSettings] File [C:/Users/user/Desktop/201904026 언리얼 엔진/MyLiz/Saved/Config/Windows/Engine.ini]
[2023.03.30-02.34.27:244][  0]LogConfig: Setting CVar [[gc.MaxObjectsNotConsideredByGC:1]]
[2023.03.30-02.34.27:244][  0]LogConfig: Setting CVar [[gc.SizeOfPermanentObjectPool:0]]
[2023.03.30-02.34.27:244][  0]LogConfig: Setting CVar [[gc.FlushStreamingOnGC:0]]
[2023.03.30-02.34.27:244][  0]LogConfig: Setting CVar [[gc.NumRetriesBeforeForcingGC:10]]
[2023.03.30-02.34.27:244][  0]LogConfig: Setting CVar [[gc.AllowParallelGC:1]]
[2023.03.30-02.34.27:244][  0]LogConfig: Setting CVar [[gc.TimeBetweenPurgingPendingKillObjects:61.1]]
[2023.03.30-02.34.27:244][  0]LogConfig: Setting CVar [[gc.MaxObjectsInEditor:25165824]]
[2023.03.30-02.34.27:244][  0]LogConfig: Setting CVar [[gc.IncrementalBeginDestroyEnabled:1]]
[2023.03.30-02.34.27:244][  0]LogConfig: Setting CVar [[gc.CreateGCClusters:1]]
[2023.03.30-02.34.27:244][  0]LogConfig: Setting CVar [[gc.MinGCClusterSize:5]]
[2023.03.30-02.34.27:244][  0]LogConfig: Setting CVar [[gc.ActorClusteringEnabled:0]]
[2023.03.30-02.34.27:244][  0]LogConfig: Setting CVar [[gc.BlueprintClusteringEnabled:0]]
[2023.03.30-02.34.27:244][  0]LogConfig: Setting CVar [[gc.UseDisregardForGCOnDedicatedServers:0]]
[2023.03.30-02.34.27:244][  0]LogConfig: Setting CVar [[gc.MultithreadedDestructionEnabled:1]]
[2023.03.30-02.34.27:244][  0]LogConfig: Applying CVar settings from Section [/Script/Engine.NetworkSettings] File [C:/Users/user/Desktop/201904026 언리얼 엔진/MyLiz/Saved/Config/Windows/Engine.ini]
[2023.03.30-02.34.27:244][  0]LogConfig: Applying CVar settings from Section [/Script/UnrealEd.CookerSettings] File [C:/Users/user/Desktop/201904026 언리얼 엔진/MyLiz/Saved/Config/Windows/Engine.ini]
[2023.03.30-02.34.27:252][  0]LogConfig: Applying CVar settings from Section [ViewDistanceQuality@3] File [C:/Users/user/Desktop/201904026 언리얼 엔진/MyLiz/Saved/Config/Windows/Scalability.ini]
[2023.03.30-02.34.27:252][  0]LogConfig: Setting CVar [[r.SkeletalMeshLODBias:0]]
[2023.03.30-02.34.27:252][  0]LogConfig: Setting CVar [[r.ViewDistanceScale:1.0]]
[2023.03.30-02.34.27:252][  0]LogConfig: Applying CVar settings from Section [AntiAliasingQuality@3] File [C:/Users/user/Desktop/201904026 언리얼 엔진/MyLiz/Saved/Config/Windows/Scalability.ini]
[2023.03.30-02.34.27:252][  0]LogConfig: Setting CVar [[r.PostProcessAAQuality:4]]
[2023.03.30-02.34.27:252][  0]LogConfig: Applying CVar settings from Section [ShadowQuality@3] File [C:/Users/user/Desktop/201904026 언리얼 엔진/MyLiz/Saved/Config/Windows/Scalability.ini]
[2023.03.30-02.34.27:252][  0]LogConfig: Setting CVar [[r.LightFunctionQuality:1]]
[2023.03.30-02.34.27:252][  0]LogConfig: Setting CVar [[r.ShadowQuality:5]]
[2023.03.30-02.34.27:252][  0]LogConfig: Setting CVar [[r.Shadow.CSM.MaxCascades:10]]
[2023.03.30-02.34.27:252][  0]LogConfig: Setting CVar [[r.Shadow.MaxResolution:2048]]
[2023.03.30-02.34.27:252][  0]LogConfig: Setting CVar [[r.Shadow.MaxCSMResolution:2048]]
[2023.03.30-02.34.27:252][  0]LogConfig: Setting CVar [[r.Shadow.RadiusThreshold:0.01]]
[2023.03.30-02.34.27:252][  0]LogConfig: Setting CVar [[r.Shadow.DistanceScale:1.0]]
[2023.03.30-02.34.27:252][  0]LogConfig: Setting CVar [[r.Shadow.CSM.TransitionScale:1.0]]
[2023.03.30-02.34.27:252][  0]LogConfig: Setting CVar [[r.Shadow.PreShadowResolutionFactor:1.0]]
[2023.03.30-02.34.27:252][  0]LogConfig: Setting CVar [[r.DistanceFieldShadowing:1]]
[2023.03.30-02.34.27:252][  0]LogConfig: Setting CVar [[r.DistanceFieldAO:1]]
[2023.03.30-02.34.27:252][  0]LogConfig: Setting CVar [[r.AOQuality:2]]
[2023.03.30-02.34.27:252][  0]LogConfig: Setting CVar [[r.VolumetricFog:1]]
[2023.03.30-02.34.27:252][  0]LogConfig: Setting CVar [[r.VolumetricFog.GridPixelSize:8]]
[2023.03.30-02.34.27:252][  0]LogConfig: Setting CVar [[r.VolumetricFog.GridSizeZ:128]]
[2023.03.30-02.34.27:252][  0]LogConfig: Setting CVar [[r.VolumetricFog.HistoryMissSupersampleCount:4]]
[2023.03.30-02.34.27:252][  0]LogConfig: Setting CVar [[r.LightMaxDrawDistanceScale:1]]
[2023.03.30-02.34.27:252][  0]LogConfig: Setting CVar [[r.CapsuleShadows:1]]
[2023.03.30-02.34.27:252][  0]LogConfig: Applying CVar settings from Section [PostProcessQuality@3] File [C:/Users/user/Desktop/201904026 언리얼 엔진/MyLiz/Saved/Config/Windows/Scalability.ini]
[2023.03.30-02.34.27:252][  0]LogConfig: Setting CVar [[r.MotionBlurQuality:4]]
[2023.03.30-02.34.27:252][  0]LogConfig: Setting CVar [[r.AmbientOcclusionMipLevelFactor:0.4]]
[2023.03.30-02.34.27:252][  0]LogConfig: Setting CVar [[r.AmbientOcclusionMaxQuality:100]]
[2023.03.30-02.34.27:252][  0]LogConfig: Setting CVar [[r.AmbientOcclusionLevels:-1]]
[2023.03.30-02.34.27:252][  0]LogConfig: Setting CVar [[r.AmbientOcclusionRadiusScale:1.0]]
[2023.03.30-02.34.27:252][  0]LogConfig: Setting CVar [[r.DepthOfFieldQuality:2]]
[2023.03.30-02.34.27:252][  0]LogConfig: Setting CVar [[r.RenderTargetPoolMin:400]]
[2023.03.30-02.34.27:252][  0]LogConfig: Setting CVar [[r.LensFlareQuality:2]]
[2023.03.30-02.34.27:252][  0]LogConfig: Setting CVar [[r.SceneColorFringeQuality:1]]
[2023.03.30-02.34.27:252][  0]LogConfig: Setting CVar [[r.EyeAdaptationQuality:2]]
[2023.03.30-02.34.27:252][  0]LogConfig: Setting CVar [[r.BloomQuality:5]]
[2023.03.30-02.34.27:252][  0]LogConfig: Setting CVar [[r.FastBlurThreshold:100]]
[2023.03.30-02.34.27:252][  0]LogConfig: Setting CVar [[r.Upscale.Quality:3]]
[2023.03.30-02.34.27:252][  0]LogConfig: Setting CVar [[r.Tonemapper.GrainQuantization:1]]
[2023.03.30-02.34.27:252][  0]LogConfig: Setting CVar [[r.LightShaftQuality:1]]
[2023.03.30-02.34.27:252][  0]LogConfig: Setting CVar [[r.Filter.SizeScale:1]]
[2023.03.30-02.34.27:252][  0]LogConfig: Setting CVar [[r.Tonemapper.Quality:5]]
[2023.03.30-02.34.27:252][  0]LogConfig: Setting CVar [[r.DOF.Gather.AccumulatorQuality:1        ; higher gathering accumulator quality]]
[2023.03.30-02.34.27:252][  0]LogConfig: Setting CVar [[r.DOF.Gather.PostfilterMethod:1          ; Median3x3 postfilering method]]
[2023.03.30-02.34.27:252][  0]LogConfig: Setting CVar [[r.DOF.Gather.EnableBokehSettings:0       ; no bokeh simulation when gathering]]
[2023.03.30-02.34.27:253][  0]LogConfig: Setting CVar [[r.DOF.Gather.RingCount:4                 ; medium number of samples when gathering]]
[2023.03.30-02.34.27:253][  0]LogConfig: Setting CVar [[r.DOF.Scatter.ForegroundCompositing:1    ; additive foreground scattering]]
[2023.03.30-02.34.27:253][  0]LogConfig: Setting CVar [[r.DOF.Scatter.BackgroundCompositing:2    ; additive background scattering]]
[2023.03.30-02.34.27:253][  0]LogConfig: Setting CVar [[r.DOF.Scatter.EnableBokehSettings:1      ; bokeh simulation when scattering]]
[2023.03.30-02.34.27:253][  0]LogConfig: Setting CVar [[r.DOF.Scatter.MaxSpriteRatio:0.1         ; only a maximum of 10% of scattered bokeh]]
[2023.03.30-02.34.27:253][  0]LogConfig: Setting CVar [[r.DOF.Recombine.Quality:1                ; cheap slight out of focus]]
[2023.03.30-02.34.27:253][  0]LogConfig: Setting CVar [[r.DOF.Recombine.EnableBokehSettings:0    ; no bokeh simulation on slight out of focus]]
[2023.03.30-02.34.27:253][  0]LogConfig: Setting CVar [[r.DOF.TemporalAAQuality:1                ; more stable temporal accumulation]]
[2023.03.30-02.34.27:253][  0]LogConfig: Setting CVar [[r.DOF.Kernel.MaxForegroundRadius:0.025]]
[2023.03.30-02.34.27:253][  0]LogConfig: Setting CVar [[r.DOF.Kernel.MaxBackgroundRadius:0.025]]
[2023.03.30-02.34.27:253][  0]LogConfig: Applying CVar settings from Section [TextureQuality@3] File [C:/Users/user/Desktop/201904026 언리얼 엔진/MyLiz/Saved/Config/Windows/Scalability.ini]
[2023.03.30-02.34.27:253][  0]LogConfig: Setting CVar [[r.Streaming.MipBias:0]]
[2023.03.30-02.34.27:253][  0]LogConfig: Setting CVar [[r.Streaming.AmortizeCPUToGPUCopy:0]]
[2023.03.30-02.34.27:253][  0]LogConfig: Setting CVar [[r.Streaming.MaxNumTexturesToStreamPerFrame:0]]
[2023.03.30-02.34.27:253][  0]LogConfig: Setting CVar [[r.Streaming.Boost:1]]
[2023.03.30-02.34.27:253][  0]LogConfig: Setting CVar [[r.MaxAnisotropy:8]]
[2023.03.30-02.34.27:253][  0]LogConfig: Setting CVar [[r.VT.MaxAnisotropy:8]]
[2023.03.30-02.34.27:253][  0]LogConfig: Setting CVar [[r.Streaming.LimitPoolSizeToVRAM:0]]
[2023.03.30-02.34.27:253][  0]LogConfig: Setting CVar [[r.Streaming.PoolSize:1000]]
[2023.03.30-02.34.27:253][  0]LogConfig: Setting CVar [[r.Streaming.MaxEffectiveScreenSize:0]]
[2023.03.30-02.34.27:253][  0]LogConfig: Applying CVar settings from Section [EffectsQuality@3] File [C:/Users/user/Desktop/201904026 언리얼 엔진/MyLiz/Saved/Config/Windows/Scalability.ini]
[2023.03.30-02.34.27:253][  0]LogConfig: Setting CVar [[r.TranslucencyLightingVolumeDim:64]]
[2023.03.30-02.34.27:253][  0]LogConfig: Setting CVar [[r.RefractionQuality:2]]
[2023.03.30-02.34.27:253][  0]LogConfig: Setting CVar [[r.SSR.Quality:3]]
[2023.03.30-02.34.27:253][  0]LogConfig: Setting CVar [[r.SSR.HalfResSceneColor:0]]
[2023.03.30-02.34.27:253][  0]LogConfig: Setting CVar [[r.SceneColorFormat:4]]
[2023.03.30-02.34.27:253][  0]LogConfig: Setting CVar [[r.DetailMode:2]]
[2023.03.30-02.34.27:253][  0]LogConfig: Setting CVar [[r.TranslucencyVolumeBlur:1]]
[2023.03.30-02.34.27:253][  0]LogConfig: Setting CVar [[r.MaterialQualityLevel:1 ; High quality]]
[2023.03.30-02.34.27:253][  0]LogConfig: Setting CVar [[r.AnisotropicMaterials:1]]
[2023.03.30-02.34.27:253][  0]LogConfig: Setting CVar [[r.SSS.Scale:1]]
[2023.03.30-02.34.27:253][  0]LogConfig: Setting CVar [[r.SSS.SampleSet:2]]
[2023.03.30-02.34.27:253][  0]LogConfig: Setting CVar [[r.SSS.Quality:1]]
[2023.03.30-02.34.27:253][  0]LogConfig: Setting CVar [[r.SSS.HalfRes:0]]
[2023.03.30-02.34.27:253][  0]LogConfig: Setting CVar [[r.SSGI.Quality:3]]
[2023.03.30-02.34.27:253][  0]LogConfig: Setting CVar [[r.EmitterSpawnRateScale:1.0]]
[2023.03.30-02.34.27:253][  0]LogConfig: Setting CVar [[r.ParticleLightQuality:2]]
[2023.03.30-02.34.27:253][  0]LogConfig: Setting CVar [[r.SkyAtmosphere.AerialPerspectiveLUT.FastApplyOnOpaque:1 ; Always have FastSkyLUT 1 in this case to avoid wrong sky]]
[2023.03.30-02.34.27:253][  0]LogConfig: Setting CVar [[r.SkyAtmosphere.AerialPerspectiveLUT.SampleCountMaxPerSlice:4]]
[2023.03.30-02.34.27:253][  0]LogConfig: Setting CVar [[r.SkyAtmosphere.AerialPerspectiveLUT.DepthResolution:16.0]]
[2023.03.30-02.34.27:253][  0]LogConfig: Setting CVar [[r.SkyAtmosphere.FastSkyLUT:1]]
[2023.03.30-02.34.27:253][  0]LogConfig: Setting CVar [[r.SkyAtmosphere.FastSkyLUT.SampleCountMin:4.0]]
[2023.03.30-02.34.27:253][  0]LogConfig: Setting CVar [[r.SkyAtmosphere.FastSkyLUT.SampleCountMax:128.0]]
[2023.03.30-02.34.27:253][  0]LogConfig: Setting CVar [[r.SkyAtmosphere.SampleCountMin:4.0]]
[2023.03.30-02.34.27:253][  0]LogConfig: Setting CVar [[r.SkyAtmosphere.SampleCountMax:128.0]]
[2023.03.30-02.34.27:253][  0]LogConfig: Setting CVar [[r.SkyAtmosphere.TransmittanceLUT.UseSmallFormat:0]]
[2023.03.30-02.34.27:253][  0]LogConfig: Setting CVar [[r.SkyAtmosphere.TransmittanceLUT.SampleCount:10.0]]
[2023.03.30-02.34.27:253][  0]LogConfig: Setting CVar [[r.SkyAtmosphere.MultiScatteringLUT.SampleCount:15.0]]
[2023.03.30-02.34.27:253][  0]LogConfig: Setting CVar [[r.SkyLight.RealTimeReflectionCapture:1]]
[2023.03.30-02.34.27:253][  0]LogConfig: Applying CVar settings from Section [FoliageQuality@3] File [C:/Users/user/Desktop/201904026 언리얼 엔진/MyLiz/Saved/Config/Windows/Scalability.ini]
[2023.03.30-02.34.27:253][  0]LogConfig: Setting CVar [[foliage.DensityScale:1.0]]
[2023.03.30-02.34.27:253][  0]LogConfig: Setting CVar [[grass.DensityScale:1.0]]
[2023.03.30-02.34.27:253][  0]LogConfig: Applying CVar settings from Section [ShadingQuality@3] File [C:/Users/user/Desktop/201904026 언리얼 엔진/MyLiz/Saved/Config/Windows/Scalability.ini]
[2023.03.30-02.34.27:253][  0]LogConfig: Setting CVar [[r.HairStrands.SkyLighting.IntegrationType:2]]
[2023.03.30-02.34.27:253][  0]LogConfig: Setting CVar [[r.HairStrands.SkyAO.SampleCount:4]]
[2023.03.30-02.34.27:253][  0]LogConfig: Setting CVar [[r.HairStrands.Visibility.MSAA.SamplePerPixel:4]]
[2023.03.30-02.34.27:253][  0]LogInit: Selected Device Profile: [Windows]
[2023.03.30-02.34.27:253][  0]LogInit: Applying CVar settings loaded from the selected device profile: [Windows]
[2023.03.30-02.34.27:253][  0]LogHAL: Display: Platform has ~ 8 GB [8468750336 / 8589934592 / 8], which maps to Default [LargestMinGB=32, LargerMinGB=12, DefaultMinGB=8, SmallerMinGB=6, SmallestMinGB=0)
[2023.03.30-02.34.27:253][  0]LogInit: Going up to parent DeviceProfile []
[2023.03.30-02.34.27:253][  0]LogConfig: Applying CVar settings from Section [ViewDistanceQuality@3] File [C:/Users/user/Desktop/201904026 언리얼 엔진/MyLiz/Saved/Config/Windows/Scalability.ini]
[2023.03.30-02.34.27:253][  0]LogConfig: Setting CVar [[r.SkeletalMeshLODBias:0]]
[2023.03.30-02.34.27:253][  0]LogConfig: Setting CVar [[r.ViewDistanceScale:1.0]]
[2023.03.30-02.34.27:253][  0]LogConfig: Applying CVar settings from Section [AntiAliasingQuality@3] File [C:/Users/user/Desktop/201904026 언리얼 엔진/MyLiz/Saved/Config/Windows/Scalability.ini]
[2023.03.30-02.34.27:253][  0]LogConfig: Setting CVar [[r.PostProcessAAQuality:4]]
[2023.03.30-02.34.27:253][  0]LogConfig: Applying CVar settings from Section [ShadowQuality@3] File [C:/Users/user/Desktop/201904026 언리얼 엔진/MyLiz/Saved/Config/Windows/Scalability.ini]
[2023.03.30-02.34.27:253][  0]LogConfig: Setting CVar [[r.LightFunctionQuality:1]]
[2023.03.30-02.34.27:253][  0]LogConfig: Setting CVar [[r.ShadowQuality:5]]
[2023.03.30-02.34.27:253][  0]LogConfig: Setting CVar [[r.Shadow.CSM.MaxCascades:10]]
[2023.03.30-02.34.27:253][  0]LogConfig: Setting CVar [[r.Shadow.MaxResolution:2048]]
[2023.03.30-02.34.27:253][  0]LogConfig: Setting CVar [[r.Shadow.MaxCSMResolution:2048]]
[2023.03.30-02.34.27:253][  0]LogConfig: Setting CVar [[r.Shadow.RadiusThreshold:0.01]]
[2023.03.30-02.34.27:253][  0]LogConfig: Setting CVar [[r.Shadow.DistanceScale:1.0]]
[2023.03.30-02.34.27:253][  0]LogConfig: Setting CVar [[r.Shadow.CSM.TransitionScale:1.0]]
[2023.03.30-02.34.27:253][  0]LogConfig: Setting CVar [[r.Shadow.PreShadowResolutionFactor:1.0]]
[2023.03.30-02.34.27:253][  0]LogConfig: Setting CVar [[r.DistanceFieldShadowing:1]]
[2023.03.30-02.34.27:253][  0]LogConfig: Setting CVar [[r.DistanceFieldAO:1]]
[2023.03.30-02.34.27:253][  0]LogConfig: Setting CVar [[r.AOQuality:2]]
[2023.03.30-02.34.27:253][  0]LogConfig: Setting CVar [[r.VolumetricFog:1]]
[2023.03.30-02.34.27:253][  0]LogConfig: Setting CVar [[r.VolumetricFog.GridPixelSize:8]]
[2023.03.30-02.34.27:253][  0]LogConfig: Setting CVar [[r.VolumetricFog.GridSizeZ:128]]
[2023.03.30-02.34.27:253][  0]LogConfig: Setting CVar [[r.VolumetricFog.HistoryMissSupersampleCount:4]]
[2023.03.30-02.34.27:253][  0]LogConfig: Setting CVar [[r.LightMaxDrawDistanceScale:1]]
[2023.03.30-02.34.27:253][  0]LogConfig: Setting CVar [[r.CapsuleShadows:1]]
[2023.03.30-02.34.27:253][  0]LogConfig: Applying CVar settings from Section [PostProcessQuality@3] File [C:/Users/user/Desktop/201904026 언리얼 엔진/MyLiz/Saved/Config/Windows/Scalability.ini]
[2023.03.30-02.34.27:253][  0]LogConfig: Setting CVar [[r.MotionBlurQuality:4]]
[2023.03.30-02.34.27:253][  0]LogConfig: Setting CVar [[r.AmbientOcclusionMipLevelFactor:0.4]]
[2023.03.30-02.34.27:253][  0]LogConfig: Setting CVar [[r.AmbientOcclusionMaxQuality:100]]
[2023.03.30-02.34.27:253][  0]LogConfig: Setting CVar [[r.AmbientOcclusionLevels:-1]]
[2023.03.30-02.34.27:253][  0]LogConfig: Setting CVar [[r.AmbientOcclusionRadiusScale:1.0]]
[2023.03.30-02.34.27:253][  0]LogConfig: Setting CVar [[r.DepthOfFieldQuality:2]]
[2023.03.30-02.34.27:253][  0]LogConfig: Setting CVar [[r.RenderTargetPoolMin:400]]
[2023.03.30-02.34.27:253][  0]LogConfig: Setting CVar [[r.LensFlareQuality:2]]
[2023.03.30-02.34.27:253][  0]LogConfig: Setting CVar [[r.SceneColorFringeQuality:1]]
[2023.03.30-02.34.27:253][  0]LogConfig: Setting CVar [[r.EyeAdaptationQuality:2]]
[2023.03.30-02.34.27:253][  0]LogConfig: Setting CVar [[r.BloomQuality:5]]
[2023.03.30-02.34.27:253][  0]LogConfig: Setting CVar [[r.FastBlurThreshold:100]]
[2023.03.30-02.34.27:253][  0]LogConfig: Setting CVar [[r.Upscale.Quality:3]]
[2023.03.30-02.34.27:253][  0]LogConfig: Setting CVar [[r.Tonemapper.GrainQuantization:1]]
[2023.03.30-02.34.27:253][  0]LogConfig: Setting CVar [[r.LightShaftQuality:1]]
[2023.03.30-02.34.27:253][  0]LogConfig: Setting CVar [[r.Filter.SizeScale:1]]
[2023.03.30-02.34.27:253][  0]LogConfig: Setting CVar [[r.Tonemapper.Quality:5]]
[2023.03.30-02.34.27:253][  0]LogConfig: Setting CVar [[r.DOF.Gather.AccumulatorQuality:1        ; higher gathering accumulator quality]]
[2023.03.30-02.34.27:254][  0]LogConfig: Setting CVar [[r.DOF.Gather.PostfilterMethod:1          ; Median3x3 postfilering method]]
[2023.03.30-02.34.27:254][  0]LogConfig: Setting CVar [[r.DOF.Gather.EnableBokehSettings:0       ; no bokeh simulation when gathering]]
[2023.03.30-02.34.27:254][  0]LogConfig: Setting CVar [[r.DOF.Gather.RingCount:4                 ; medium number of samples when gathering]]
[2023.03.30-02.34.27:254][  0]LogConfig: Setting CVar [[r.DOF.Scatter.ForegroundCompositing:1    ; additive foreground scattering]]
[2023.03.30-02.34.27:254][  0]LogConfig: Setting CVar [[r.DOF.Scatter.BackgroundCompositing:2    ; additive background scattering]]
[2023.03.30-02.34.27:254][  0]LogConfig: Setting CVar [[r.DOF.Scatter.EnableBokehSettings:1      ; bokeh simulation when scattering]]
[2023.03.30-02.34.27:254][  0]LogConfig: Setting CVar [[r.DOF.Scatter.MaxSpriteRatio:0.1         ; only a maximum of 10% of scattered bokeh]]
[2023.03.30-02.34.27:254][  0]LogConfig: Setting CVar [[r.DOF.Recombine.Quality:1                ; cheap slight out of focus]]
[2023.03.30-02.34.27:254][  0]LogConfig: Setting CVar [[r.DOF.Recombine.EnableBokehSettings:0    ; no bokeh simulation on slight out of focus]]
[2023.03.30-02.34.27:254][  0]LogConfig: Setting CVar [[r.DOF.TemporalAAQuality:1                ; more stable temporal accumulation]]
[2023.03.30-02.34.27:254][  0]LogConfig: Setting CVar [[r.DOF.Kernel.MaxForegroundRadius:0.025]]
[2023.03.30-02.34.27:254][  0]LogConfig: Setting CVar [[r.DOF.Kernel.MaxBackgroundRadius:0.025]]
[2023.03.30-02.34.27:254][  0]LogConfig: Applying CVar settings from Section [TextureQuality@3] File [C:/Users/user/Desktop/201904026 언리얼 엔진/MyLiz/Saved/Config/Windows/Scalability.ini]
[2023.03.30-02.34.27:254][  0]LogConfig: Setting CVar [[r.Streaming.MipBias:0]]
[2023.03.30-02.34.27:254][  0]LogConfig: Setting CVar [[r.Streaming.AmortizeCPUToGPUCopy:0]]
[2023.03.30-02.34.27:254][  0]LogConfig: Setting CVar [[r.Streaming.MaxNumTexturesToStreamPerFrame:0]]
[2023.03.30-02.34.27:254][  0]LogConfig: Setting CVar [[r.Streaming.Boost:1]]
[2023.03.30-02.34.27:254][  0]LogConfig: Setting CVar [[r.MaxAnisotropy:8]]
[2023.03.30-02.34.27:254][  0]LogConfig: Setting CVar [[r.VT.MaxAnisotropy:8]]
[2023.03.30-02.34.27:254][  0]LogConfig: Setting CVar [[r.Streaming.LimitPoolSizeToVRAM:0]]
[2023.03.30-02.34.27:254][  0]LogConfig: Setting CVar [[r.Streaming.PoolSize:1000]]
[2023.03.30-02.34.27:254][  0]LogConfig: Setting CVar [[r.Streaming.MaxEffectiveScreenSize:0]]
[2023.03.30-02.34.27:254][  0]LogConfig: Applying CVar settings from Section [EffectsQuality@3] File [C:/Users/user/Desktop/201904026 언리얼 엔진/MyLiz/Saved/Config/Windows/Scalability.ini]
[2023.03.30-02.34.27:254][  0]LogConfig: Setting CVar [[r.TranslucencyLightingVolumeDim:64]]
[2023.03.30-02.34.27:254][  0]LogConfig: Setting CVar [[r.RefractionQuality:2]]
[2023.03.30-02.34.27:254][  0]LogConfig: Setting CVar [[r.SSR.Quality:3]]
[2023.03.30-02.34.27:254][  0]LogConfig: Setting CVar [[r.SSR.HalfResSceneColor:0]]
[2023.03.30-02.34.27:254][  0]LogConfig: Setting CVar [[r.SceneColorFormat:4]]
[2023.03.30-02.34.27:254][  0]LogConfig: Setting CVar [[r.DetailMode:2]]
[2023.03.30-02.34.27:254][  0]LogConfig: Setting CVar [[r.TranslucencyVolumeBlur:1]]
[2023.03.30-02.34.27:254][  0]LogConfig: Setting CVar [[r.MaterialQualityLevel:1 ; High quality]]
[2023.03.30-02.34.27:254][  0]LogConfig: Setting CVar [[r.AnisotropicMaterials:1]]
[2023.03.30-02.34.27:254][  0]LogConfig: Setting CVar [[r.SSS.Scale:1]]
[2023.03.30-02.34.27:254][  0]LogConfig: Setting CVar [[r.SSS.SampleSet:2]]
[2023.03.30-02.34.27:254][  0]LogConfig: Setting CVar [[r.SSS.Quality:1]]
[2023.03.30-02.34.27:254][  0]LogConfig: Setting CVar [[r.SSS.HalfRes:0]]
[2023.03.30-02.34.27:254][  0]LogConfig: Setting CVar [[r.SSGI.Quality:3]]
[2023.03.30-02.34.27:254][  0]LogConfig: Setting CVar [[r.EmitterSpawnRateScale:1.0]]
[2023.03.30-02.34.27:254][  0]LogConfig: Setting CVar [[r.ParticleLightQuality:2]]
[2023.03.30-02.34.27:254][  0]LogConfig: Setting CVar [[r.SkyAtmosphere.AerialPerspectiveLUT.FastApplyOnOpaque:1 ; Always have FastSkyLUT 1 in this case to avoid wrong sky]]
[2023.03.30-02.34.27:254][  0]LogConfig: Setting CVar [[r.SkyAtmosphere.AerialPerspectiveLUT.SampleCountMaxPerSlice:4]]
[2023.03.30-02.34.27:254][  0]LogConfig: Setting CVar [[r.SkyAtmosphere.AerialPerspectiveLUT.DepthResolution:16.0]]
[2023.03.30-02.34.27:254][  0]LogConfig: Setting CVar [[r.SkyAtmosphere.FastSkyLUT:1]]
[2023.03.30-02.34.27:254][  0]LogConfig: Setting CVar [[r.SkyAtmosphere.FastSkyLUT.SampleCountMin:4.0]]
[2023.03.30-02.34.27:254][  0]LogConfig: Setting CVar [[r.SkyAtmosphere.FastSkyLUT.SampleCountMax:128.0]]
[2023.03.30-02.34.27:254][  0]LogConfig: Setting CVar [[r.SkyAtmosphere.SampleCountMin:4.0]]
[2023.03.30-02.34.27:254][  0]LogConfig: Setting CVar [[r.SkyAtmosphere.SampleCountMax:128.0]]
[2023.03.30-02.34.27:254][  0]LogConfig: Setting CVar [[r.SkyAtmosphere.TransmittanceLUT.UseSmallFormat:0]]
[2023.03.30-02.34.27:254][  0]LogConfig: Setting CVar [[r.SkyAtmosphere.TransmittanceLUT.SampleCount:10.0]]
[2023.03.30-02.34.27:254][  0]LogConfig: Setting CVar [[r.SkyAtmosphere.MultiScatteringLUT.SampleCount:15.0]]
[2023.03.30-02.34.27:254][  0]LogConfig: Setting CVar [[r.SkyLight.RealTimeReflectionCapture:1]]
[2023.03.30-02.34.27:254][  0]LogConfig: Applying CVar settings from Section [FoliageQuality@3] File [C:/Users/user/Desktop/201904026 언리얼 엔진/MyLiz/Saved/Config/Windows/Scalability.ini]
[2023.03.30-02.34.27:254][  0]LogConfig: Setting CVar [[foliage.DensityScale:1.0]]
[2023.03.30-02.34.27:254][  0]LogConfig: Setting CVar [[grass.DensityScale:1.0]]
[2023.03.30-02.34.27:254][  0]LogConfig: Applying CVar settings from Section [ShadingQuality@3] File [C:/Users/user/Desktop/201904026 언리얼 엔진/MyLiz/Saved/Config/Windows/Scalability.ini]
[2023.03.30-02.34.27:254][  0]LogConfig: Setting CVar [[r.HairStrands.SkyLighting.IntegrationType:2]]
[2023.03.30-02.34.27:254][  0]LogConfig: Setting CVar [[r.HairStrands.SkyAO.SampleCount:4]]
[2023.03.30-02.34.27:254][  0]LogConfig: Setting CVar [[r.HairStrands.Visibility.MSAA.SamplePerPixel:4]]
[2023.03.30-02.34.27:254][  0]LogConfig: Applying CVar settings from Section [Startup] File [../../../Engine/Config/ConsoleVariables.ini]
[2023.03.30-02.34.27:254][  0]LogConfig: Setting CVar [[net.UseAdaptiveNetUpdateFrequency:0]]
[2023.03.30-02.34.27:254][  0]LogConfig: Setting CVar [[p.chaos.AllowCreatePhysxBodies:1]]
[2023.03.30-02.34.27:254][  0]LogConfig: Setting CVar [[fx.SkipVectorVMBackendOptimizations:1]]
[2023.03.30-02.34.27:254][  0]LogConfig: Applying CVar settings from Section [ConsoleVariables] File [C:/Users/user/Desktop/201904026 언리얼 엔진/MyLiz/Saved/Config/Windows/Engine.ini]
[2023.03.30-02.34.27:254][  0]LogConfig: Applying CVar settings from Section [ConsoleVariables] File [C:/Users/user/Desktop/201904026 언리얼 엔진/MyLiz/Saved/Config/Windows/Editor.ini]
[2023.03.30-02.34.27:254][  0]LogInit: Computer: DESKTOP-Q5UB9QI
[2023.03.30-02.34.27:254][  0]LogInit: User: user
[2023.03.30-02.34.27:254][  0]LogInit: CPU Page size=4096, Cores=6
[2023.03.30-02.34.27:254][  0]LogInit: High frequency timer resolution =10.000000 MHz
[2023.03.30-02.34.27:254][  0]LogMemory: Memory total: Physical=7.9GB (8GB approx)
[2023.03.30-02.34.27:254][  0]LogMemory: Platform Memory Stats for Windows
[2023.03.30-02.34.27:254][  0]LogMemory: Process Physical Memory: 147.80 MB used, 147.80 MB peak
[2023.03.30-02.34.27:254][  0]LogMemory: Process Virtual Memory: 113.97 MB used, 113.97 MB peak
[2023.03.30-02.34.27:254][  0]LogMemory: Physical Memory: 5099.82 MB used,  2976.61 MB free, 8076.43 MB total
[2023.03.30-02.34.27:254][  0]LogMemory: Virtual Memory: 134211808.00 MB used,  5921.35 MB free, 134217728.00 MB total
[2023.03.30-02.34.27:258][  0]LogWindows: WindowsPlatformFeatures enabled
[2023.03.30-02.34.27:277][  0]LogInit: Physics initialised using underlying interface: PhysX
[2023.03.30-02.34.27:278][  0]LogInit: Using OS detected language (ko-KR).
[2023.03.30-02.34.27:278][  0]LogInit: Using OS detected locale (ko-KR).
[2023.03.30-02.34.27:280][  0]LogTextLocalizationManager: No specific localization for 'ko-KR' exists, so the 'ko' localization will be used.
[2023.03.30-02.34.27:367][  0]LogInit: Setting process to per monitor DPI aware
[2023.03.30-02.34.27:386][  0]LogWindowsTextInputMethodSystem: Display: IME system deactivated.
[2023.03.30-02.34.27:395][  0]LogSlate: New Slate User Created.  User Index 0, Is Virtual User: 0
[2023.03.30-02.34.27:395][  0]LogSlate: Slate User Registered.  User Index 0, Is Virtual User: 0
[2023.03.30-02.34.27:504][  0]LogD3D11RHI: Loaded GFSDK_Aftermath_Lib.x64.dll
[2023.03.30-02.34.27:506][  0]LogHMD: Failed to initialize OpenVR with code 110
[2023.03.30-02.34.27:506][  0]LogD3D11RHI: D3D11 min allowed feature level: 11_0
[2023.03.30-02.34.27:506][  0]LogD3D11RHI: D3D11 max allowed feature level: 11_0
[2023.03.30-02.34.27:506][  0]LogD3D11RHI: D3D11 adapters:
[2023.03.30-02.34.27:552][  0]LogD3D11RHI:    0. 'Intel(R) UHD Graphics 630' (Feature Level 11_0)
[2023.03.30-02.34.27:552][  0]LogD3D11RHI:       128/0/4038 MB DedicatedVideo/DedicatedSystem/SharedSystem, Outputs:1, VendorId:0x8086
[2023.03.30-02.34.27:554][  0]LogD3D11RHI:    1. 'Microsoft Basic Render Driver' (Feature Level 11_0)
[2023.03.30-02.34.27:554][  0]LogD3D11RHI:       0/0/4038 MB DedicatedVideo/DedicatedSystem/SharedSystem, Outputs:0, VendorId:0x1414
[2023.03.30-02.34.27:554][  0]LogD3D11RHI: Chosen D3D11 Adapter:
[2023.03.30-02.34.27:554][  0]LogD3D11RHI:     Description : Intel(R) UHD Graphics 630
[2023.03.30-02.34.27:554][  0]LogD3D11RHI:     VendorId    : 8086
[2023.03.30-02.34.27:554][  0]LogD3D11RHI:     DeviceId    : 3e98
[2023.03.30-02.34.27:554][  0]LogD3D11RHI:     SubSysId    : a581109f
[2023.03.30-02.34.27:554][  0]LogD3D11RHI:     Revision    : 0002
[2023.03.30-02.34.27:554][  0]LogD3D11RHI:     DedicatedVideoMemory : 134217728 bytes
[2023.03.30-02.34.27:554][  0]LogD3D11RHI:     DedicatedSystemMemory : 0 bytes
[2023.03.30-02.34.27:554][  0]LogD3D11RHI:     SharedSystemMemory : 4234375168 bytes
[2023.03.30-02.34.27:554][  0]LogD3D11RHI:     AdapterLuid : 0 46738
[2023.03.30-02.34.27:557][  0]LogD3D11RHI: Creating new Direct3DDevice
[2023.03.30-02.34.27:557][  0]LogD3D11RHI:     GPU DeviceId: 0x3e98 (for the marketing name, search the web for "GPU Device Id")
[2023.03.30-02.34.27:557][  0]LogWindows: EnumDisplayDevices:
[2023.03.30-02.34.27:558][  0]LogWindows:    0. 'Intel(R) UHD Graphics 630' (P:1 D:1)
[2023.03.30-02.34.27:558][  0]LogWindows:    1. 'Intel(R) UHD Graphics 630' (P:0 D:0)
[2023.03.30-02.34.27:558][  0]LogWindows: DebugString: FoundDriverCount:2 
[2023.03.30-02.34.27:558][  0]LogD3D11RHI:     Adapter Name: Intel(R) UHD Graphics 630
[2023.03.30-02.34.27:558][  0]LogD3D11RHI:   Driver Version: 27.20.100.8190 (internal:27.20.100.8190, unified:27.20.100.8190)
[2023.03.30-02.34.27:558][  0]LogD3D11RHI:      Driver Date: 5-5-2020
[2023.03.30-02.34.27:558][  0]LogRHI: Texture pool is 1502 MB (70% of 2147 MB)
[2023.03.30-02.34.27:565][  0]LogD3D11RHI: Creating D3DDevice using adapter:
[2023.03.30-02.34.27:565][  0]LogD3D11RHI:     Description : Intel(R) UHD Graphics 630
[2023.03.30-02.34.27:565][  0]LogD3D11RHI:     VendorId    : 8086
[2023.03.30-02.34.27:565][  0]LogD3D11RHI:     DeviceId    : 3e98
[2023.03.30-02.34.27:565][  0]LogD3D11RHI:     SubSysId    : a581109f
[2023.03.30-02.34.27:565][  0]LogD3D11RHI:     Revision    : 0002
[2023.03.30-02.34.27:565][  0]LogD3D11RHI:     DedicatedVideoMemory : 134217728 bytes
[2023.03.30-02.34.27:565][  0]LogD3D11RHI:     DedicatedSystemMemory : 0 bytes
[2023.03.30-02.34.27:565][  0]LogD3D11RHI:     SharedSystemMemory : 4234375168 bytes
[2023.03.30-02.34.27:565][  0]LogD3D11RHI:     AdapterLuid : 0 46738
[2023.03.30-02.34.27:597][  0]LogD3D11RHI: RHI does not have support for 64 bit atomics
[2023.03.30-02.34.27:606][  0]LogD3D11RHI: Intel Extensions support version Full=16777216, Major=1, Minor=0, Revision=0
[2023.03.30-02.34.27:606][  0]LogD3D11RHI: Intel Extensions support version Full=16777217, Major=1, Minor=0, Revision=1
[2023.03.30-02.34.27:606][  0]LogD3D11RHI: Intel Extensions Framework enabled
[2023.03.30-02.34.27:607][  0]LogD3D11RHI: [IntelMetricsDiscovery] Started
[2023.03.30-02.34.27:607][  0]LogD3D11RHI: Async texture creation enabled
[2023.03.30-02.34.27:607][  0]LogD3D11RHI: Array index from any shader is supported
[2023.03.30-02.34.27:613][  0]LogD3D11RHI: GPU Timing Frequency: 12.000048 (Debug: 2 0)
[2023.03.30-02.34.27:843][  0]LogTargetPlatformManager: Display: Loaded TargetPlatform 'AllDesktop'
[2023.03.30-02.34.27:861][  0]LogTargetPlatformManager: Display: Loaded TargetPlatform 'Android'
[2023.03.30-02.34.27:861][  0]LogTargetPlatformManager: Display: Loaded TargetPlatform 'Android_ASTC'
[2023.03.30-02.34.27:861][  0]LogTargetPlatformManager: Display: Loaded TargetPlatform 'Android_DXT'
[2023.03.30-02.34.27:861][  0]LogTargetPlatformManager: Display: Loaded TargetPlatform 'Android_ETC2'
[2023.03.30-02.34.27:861][  0]LogTargetPlatformManager: Display: Loaded TargetPlatform 'AndroidClient'
[2023.03.30-02.34.27:861][  0]LogTargetPlatformManager: Display: Loaded TargetPlatform 'Android_ASTCClient'
[2023.03.30-02.34.27:861][  0]LogTargetPlatformManager: Display: Loaded TargetPlatform 'Android_DXTClient'
[2023.03.30-02.34.27:861][  0]LogTargetPlatformManager: Display: Loaded TargetPlatform 'Android_ETC2Client'
[2023.03.30-02.34.27:861][  0]LogTargetPlatformManager: Display: Loaded TargetPlatform 'Android_Multi'
[2023.03.30-02.34.27:861][  0]LogTargetPlatformManager: Display: Loaded TargetPlatform 'Android_MultiClient'
[2023.03.30-02.34.27:874][  0]LogTargetPlatformManager: Display: Loaded TargetPlatform 'IOSClient'
[2023.03.30-02.34.27:874][  0]LogTargetPlatformManager: Display: Loaded TargetPlatform 'IOS'
[2023.03.30-02.34.27:882][  0]LogTargetPlatformManager: Display: Loaded TargetPlatform 'Linux'
[2023.03.30-02.34.27:886][  0]LogTargetPlatformManager: Display: Loaded TargetPlatform 'LinuxNoEditor'
[2023.03.30-02.34.27:889][  0]LogTargetPlatformManager: Display: Loaded TargetPlatform 'LinuxClient'
[2023.03.30-02.34.27:892][  0]LogTargetPlatformManager: Display: Loaded TargetPlatform 'LinuxServer'
[2023.03.30-02.34.27:899][  0]LogTargetPlatformManager: Display: Loaded TargetPlatform 'LinuxAArch64NoEditor'
[2023.03.30-02.34.27:903][  0]LogTargetPlatformManager: Display: Loaded TargetPlatform 'LinuxAArch64Client'
[2023.03.30-02.34.27:906][  0]LogTargetPlatformManager: Display: Loaded TargetPlatform 'LinuxAArch64Server'
[2023.03.30-02.34.27:925][  0]LogTargetPlatformManager: Display: Loaded TargetPlatform 'Lumin'
[2023.03.30-02.34.27:925][  0]LogTargetPlatformManager: Display: Loaded TargetPlatform 'LuminClient'
[2023.03.30-02.34.27:932][  0]LogTargetPlatformManager: Display: Loaded TargetPlatform 'MacNoEditor'
[2023.03.30-02.34.27:935][  0]LogTargetPlatformManager: Display: Loaded TargetPlatform 'Mac'
[2023.03.30-02.34.27:938][  0]LogTargetPlatformManager: Display: Loaded TargetPlatform 'MacClient'
[2023.03.30-02.34.27:940][  0]LogTargetPlatformManager: Display: Loaded TargetPlatform 'MacServer'
[2023.03.30-02.34.27:948][  0]LogTargetPlatformManager: Display: Loaded TargetPlatform 'TVOSClient'
[2023.03.30-02.34.27:948][  0]LogTargetPlatformManager: Display: Loaded TargetPlatform 'TVOS'
[2023.03.30-02.34.27:955][  0]LogTargetPlatformManager: Display: Loaded TargetPlatform 'WindowsNoEditor'
[2023.03.30-02.34.27:958][  0]LogTargetPlatformManager: Display: Loaded TargetPlatform 'Windows'
[2023.03.30-02.34.27:962][  0]LogTargetPlatformManager: Display: Loaded TargetPlatform 'WindowsClient'
[2023.03.30-02.34.27:965][  0]LogTargetPlatformManager: Display: Loaded TargetPlatform 'WindowsServer'
[2023.03.30-02.34.27:965][  0]LogTargetPlatformManager: Display: Building Assets For Windows
[2023.03.30-02.34.27:970][  0]LogAudioDebug: Display: Lib vorbis DLL was dynamically loaded.
[2023.03.30-02.34.27:993][  0]LogTextureFormatOodle: Display: Oodle Texture 2.9.0 init RDO Off
[2023.03.30-02.34.28:016][  0]LogRendererCore: Ray tracing is disabled. Reason: r.RayTracing=0.
[2023.03.30-02.34.28:016][  0]LogShaderCompilers: Guid format shader working directory is -14 characters bigger than the processId version (../../../../../../Users/user/Desktop/201904026 언리얼 엔진/MyLiz/Intermediate/Shaders/WorkingDirectory/3544/).
[2023.03.30-02.34.28:016][  0]LogShaderCompilers: Cleaned the shader compiler working directory 'C:/Users/user/AppData/Local/Temp/UnrealShaderWorkingDir/44D61E364E3644740DEF26AE5EC36533/'.
[2023.03.30-02.34.28:016][  0]LogXGEController: Cannot use XGE Controller as Incredibuild is not installed on this machine.
[2023.03.30-02.34.28:016][  0]LogShaderCompilers: Cannot use XGE Shader Compiler as Incredibuild is not installed on this machine.
[2023.03.30-02.34.28:016][  0]LogShaderCompilers: Display: Using Local Shader Compiler.
[2023.03.30-02.34.28:645][  0]LogDerivedDataCache: Display: Max Cache Size: 512 MB
[2023.03.30-02.34.28:706][  0]LogDerivedDataCache: Loaded boot cache 0.06s 94MB C:/Users/user/AppData/Local/UnrealEngine/4.27/DerivedDataCache/Boot.ddc.
[2023.03.30-02.34.28:707][  0]LogDerivedDataCache: Display: Loaded Boot cache: C:/Users/user/AppData/Local/UnrealEngine/4.27/DerivedDataCache/Boot.ddc
[2023.03.30-02.34.28:707][  0]LogDerivedDataCache: FDerivedDataBackendGraph:  Pak pak cache file ../../../../../../Users/user/Desktop/201904026 언리얼 엔진/MyLiz/DerivedDataCache/DDC.ddp not found, will not use a pak cache.
[2023.03.30-02.34.28:707][  0]LogDerivedDataCache: Unable to find inner node Pak for hierarchical cache Hierarchy.
[2023.03.30-02.34.28:707][  0]LogDerivedDataCache: FDerivedDataBackendGraph:  CompressedPak pak cache file ../../../../../../Users/user/Desktop/201904026 언리얼 엔진/MyLiz/DerivedDataCache/Compressed.ddp not found, will not use a pak cache.
[2023.03.30-02.34.28:707][  0]LogDerivedDataCache: Unable to find inner node CompressedPak for hierarchical cache Hierarchy.
[2023.03.30-02.34.28:722][  0]LogDerivedDataCache: Display: Pak cache opened for reading ../../../Engine/DerivedDataCache/Compressed.ddp.
[2023.03.30-02.34.28:722][  0]LogDerivedDataCache: FDerivedDataBackendGraph:  EnterprisePak pak cache file ../../../Enterprise/DerivedDataCache/Compressed.ddp not found, will not use a pak cache.
[2023.03.30-02.34.28:722][  0]LogDerivedDataCache: Unable to find inner node EnterprisePak for hierarchical cache Hierarchy.
[2023.03.30-02.34.28:727][  0]LogDerivedDataCache: Speed tests for C:/Users/user/AppData/Local/UnrealEngine/Common/DerivedDataCache took 0.00 seconds
[2023.03.30-02.34.28:727][  0]LogDerivedDataCache: Display: Performance to C:/Users/user/AppData/Local/UnrealEngine/Common/DerivedDataCache: Latency=0.02ms. RandomReadSpeed=1494.67MBs, RandomWriteSpeed=255.51MBs. Assigned SpeedClass 'Local'
[2023.03.30-02.34.28:728][  0]LogDerivedDataCache: Using Local data cache path C:/Users/user/AppData/Local/UnrealEngine/Common/DerivedDataCache: Writable
[2023.03.30-02.34.28:728][  0]LogDerivedDataCache: Shared data cache path not found in *engine.ini, will not use an Shared cache.
[2023.03.30-02.34.28:728][  0]LogDerivedDataCache: Unable to find inner node Shared for hierarchical cache Hierarchy.
[2023.03.30-02.34.28:769][  0]LogSlate: Using FreeType 2.10.0
[2023.03.30-02.34.28:769][  0]LogSlate: SlateFontServices - WITH_FREETYPE: 1, WITH_HARFBUZZ: 1
[2023.03.30-02.34.28:794][  0]LogAssetRegistry: FAssetRegistry took 0.0022 seconds to start up
[2023.03.30-02.34.28:982][  0]LogInit: Selected Device Profile: [Windows]
[2023.03.30-02.34.28:982][  0]LogInit: Active device profile: [0000022647014900][0000022639B5D000 49] Windows
[2023.03.30-02.34.28:982][  0]LogInit: Profiles: [0000022647014900][0000022639B5D000 49] Windows, [0000022646FCB800][00000226444D7180 49] WindowsNoEditor, [0000022647017500][00000226444DB300 49] WindowsServer, [0000022646FC8E00][0000022646967480 49] WindowsClient, [0000022647017800][000002264696B600 49] IOS, [0000022646FCA800][000002264696F780 49] iPadAir, [0000022647016000][0000022646973900 49] iPadAir2, [0000022646F68A00][0000022646A5BBC0 49] IPadPro, [0000022646F68B00][0000022646A57C00 49] iPadAir3, [0000022646FC9700][0000022646976200 49] iPadAir4, [0000022646F6B400][000002264697A380 49] iPadMini2, [0000022646FCAA00][000002264697E500 49] iPadMini3, [0000022646F69700][0000022646CF2680 49] iPadMini4, [0000022647014F00][0000022646CF6800 49] iPadMini5, [0000022646F84300][0000022646D06A40 49] iPhone6, [0000022646F84400][00000226444C2A80 49] iPodTouch6, [0000022646F6B600][000002263ED4CCC0 49] iPhone7, [0000022646F69800][0000022646D0AD00 49] iPodTouch7, [0000022646F87F00][000002263ED54E80 49] iPhone5S, [0000022646FCA300][000002263ED59000 49] iPhone6Plus, [0000022646F68200][00000226480C9180 49] iPhone6S, [0000022646FCA200][00000226480CD300 49] iPhone6SPlus, [0000022646F6BC00][00000226480DB480 49] iPhone7Plus, [0000022646FCBD00][00000226480DF600 49] iPhoneSE, [0000022646F6B500][00000226480E3780 49] iPhone8, [0000022646FC9E00][00000226480E7900 49] iPhone8Plus, [0000022646F6A600][00000226480EBA80 49] iPhoneX, [0000022646FCA500][00000226480EFC00 49] iPhoneXS, [0000022646F6A000][0000022648106200 49] iPhoneXSMax, [0000022646FCBA00][0000022648116380 49] iPhoneXR, [0000022646F6B700][000002264811A500 49] iPhone11, [0000022646FC8D00][000002263FC56680 49] iPhone11Pro, [0000022646F6B800][000002263FC5A800 49] iPhone11ProMax, [0000022646FC8F00][0000022648528980 49] iPhoneSE2, [0000022646F6AE00][000002264852CB00 49] iPhone12Mini, [0000022646FCA700][000002263ED50C40 49] iPhone12, [0000022646F69100][000002263FC66D80 49] iPhone12Pro, [0000022646FCB600][000002263FC6AEC0 49] iPhone12ProMax, [0000022646F6A300][0000022648069040 49] iPadPro105, [0000022646FC8C00][000002264806D1C0 49] iPadPro129, [0000022646F6B300][0000022648071340 49] iPadPro97, [0000022646FC9F00][00000226480754C0 49] iPadPro2_129, [0000022646F69400][0000022648097640 49] iPad5, [0000022646FCB400][000002264809B7C0 49] iPad6, [0000022646F6B100][000002263FC63940 49] iPad7, [0000022646FC9A00][000002263FC5FAC0 49] iPad8, [0000022646F6A800][000002264809E0C0 49] iPadPro11, [0000022646FC9B00][0000022648112240 49] iPadPro2_11, [0000022646F69B00][00000226469E83C0 49] iPadPro3_129, [0000022646FCB900][00000226469EC540 49] iPadPro4_129, [0000022646F69500][00000226469F06C0 49] AppleTV, [0000022646FCA000][00000226469F4840 49] AppleTV4K, [0000022646F68100][00000226469F89C0 49] TVOS, [0000022646FCA600][00000226469FCB40 49] Mac, [0000022646F6A700][0000022646A00CC0 49] MacClient, [0000022646FCAF00][000002263FC6EE00 49] MacNoEditor, [0000022646F6B900][0000022646A04F40 49] MacServer, [0000022646FCB500][0000022646A09080 49] Linux, [0000022646F6A200][0000022646A0D1C0 49] LinuxAArch64, [0000022646FC8B00][0000022646A15340 49] LinuxNoEditor, [0000022646F6BB00][0000022646A194C0 49] LinuxAArch64NoEditor, [0000022646FC8100][0000022646A1D640 49] LinuxClient, [0000022646F69D00][0000022646A217C0 49] LinuxAArch64Client, [0000022646FC9600][0000022646A25940 49] LinuxServer, [0000022646F6A100][0000022646A29AC0 49] LinuxAArch64Server, [0000022646FC9300][0000022646A2C0C0 49] Android, [0000022646F68500][0000022646A30240 49] Android_Low, [0000022646FCAB00][0000022646A343C0 49] Android_Mid, [0000022647017A00][0000022646A38540 49] Android_High, [0000022646F85C00][0000022646A3C6C0 49] Android_Default, [0000022647016100][0000022646A40840 49] Android_Adreno4xx, [0000022646F86700][0000022646A449C0 49] Android_Adreno5xx_Low, [0000022647014B00][0000022646A48B40 49] Android_Adreno5xx, [0000022646F86D00][0000022646A4CCC0 49] Android_Adreno6xx, [0000022647015200][0000022646A50E40 49] Android_Adreno6xx_Vulkan, [0000022646F86800][0000022646A10F80 49] Android_Mali_T6xx, [0000022647017200][0000022646AB30C0 49] Android_Mali_T7xx, [0000022646F86E00][0000022646AB7200 49] Android_Mali_T8xx, [0000022647016500][0000022646ABB340 49] Android_Mali_G71, [0000022646F87E00][0000022646AC34C0 49] Android_Mali_G72, [0000022647016A00][0000022646AC7640 49] Android_Mali_G72_Vulkan, [0000022646F85B00][0000022646ACB7C0 49] Android_Mali_G76, [0000022647015D00][0000022646ACF940 49] Android_Mali_G76_Vulkan, [0000022646F87000][0000022646AD3AC0 49] Android_Mali_G77, [0000022647016D00][0000022646AD60C0 49] Android_Mali_G77_Vulkan, [0000022646F87A00][0000022646ADA240 49] Android_Mali_G78, [0000022647014D00][0000022646ADE3C0 49] Android_Mali_G78_Vulkan, [0000022646F84500][0000022646AE2540 49] Android_Mali_G710, [0000022647015300][0000022646AE66C0 49] Android_Mali_G710_Vulkan, [0000022646F87500][0000022646AEA840 49] Android_Vulkan_SM5, [0000022647017300][0000022646AEE9C0 49] Android_PowerVR_G6xxx, [0000022646F86C00][0000022646AF2B40 49] Android_PowerVR_GT7xxx, [0000022647017C00][0000022646AF6CC0 49] Android_PowerVR_GE8xxx, [0000022646F85200][0000022646AFAE40 49] Android_PowerVR_GM9xxx, [0000022647017000][0000022646AFEFC0 49] Android_PowerVR_GM9xxx_Vulkan, [0000022646F86900][0000022646B03140 49] Android_TegraK1, [0000022647015100][0000022646ABF280 49] Android_Unknown_Vulkan, [0000022646FC8600][0000022646B073C0 49] Lumin, [0000022647016900][0000022646B0B500 49] Lumin_Desktop, [0000022646FC9200][0000022646B13680 49] HoloLens, 
[2023.03.30-02.34.29:083][  0]LogMeshReduction: Using QuadricMeshReduction for automatic static mesh reduction
[2023.03.30-02.34.29:083][  0]LogMeshReduction: Using SimplygonMeshReduction for automatic skeletal mesh reduction
[2023.03.30-02.34.29:083][  0]LogMeshReduction: Using ProxyLODMeshReduction for automatic mesh merging
[2023.03.30-02.34.29:083][  0]LogMeshReduction: No distributed automatic mesh merging module available
[2023.03.30-02.34.29:083][  0]LogMeshMerging: No distributed automatic mesh merging module available
[2023.03.30-02.34.29:093][  0]LogNetVersion: 내프로젝트 1.0.0, NetCL: 17155196, EngineNetVer: 17, GameNetVer: 0 (Checksum: 3982861216)
[2023.03.30-02.34.29:467][  0]LogTexture: Default maximum texture size for cubemaps generated from long-lat sources has been changed from 512 to unlimited. In order to preserve old behaiour for '/Engine/MapTemplates/Sky/DaylightAmbientCubemap.DaylightAmbientCubemap', its maximum texture size has been explicitly set to 512.
[2023.03.30-02.34.29:520][  0]LogHMD: PokeAHoleMaterial loaded successfully
[2023.03.30-02.34.29:525][  0]LogUObjectArray: 17178 objects as part of root set at end of initial load.
[2023.03.30-02.34.29:525][  0]LogUObjectAllocator: 4302048 out of 0 bytes used by permanent object pool.
[2023.03.30-02.34.29:525][  0]LogUObjectArray: CloseDisregardForGC: 0/0 objects in disregard for GC pool
[2023.03.30-02.34.29:726][  0]LogNiagaraDebuggerClient: Niagara Debugger Client Initialized | Session: 590AC78E491B86FC2516DB9F320E2949 | Instance: 0C8383194ECF5C848F95ECA323CAD141 (DESKTOP-Q5UB9QI-3544).
[2023.03.30-02.34.29:818][  0]LogPython: Using Python 3.7.7
[2023.03.30-02.34.30:254][  0]LogTcpMessaging: Initializing TcpMessaging bridge
[2023.03.30-02.34.30:257][  0]LogUdpMessaging: Initializing bridge on interface 0.0.0.0:0 to multicast group 230.0.0.1:6666.
[2023.03.30-02.34.30:368][  0]SourceControl: 소스 컨트롤이 꺼졌습니다.
[2023.03.30-02.34.30:368][  0]SourceControl: 소스 컨트롤이 꺼졌습니다.
[2023.03.30-02.34.30:370][  0]SourceControl: 소스 컨트롤이 꺼졌습니다.
[2023.03.30-02.34.30:372][  0]SourceControl: 소스 컨트롤이 꺼졌습니다.
[2023.03.30-02.34.30:379][  0]SourceControl: 소스 컨트롤이 꺼졌습니다.
[2023.03.30-02.34.30:383][  0]LogUProjectInfo: Found projects:
[2023.03.30-02.34.30:563][  0]LogOpenImageDenoise: OIDN starting up
[2023.03.30-02.34.30:572][  0]LogAndroidPermission: UAndroidPermissionCallbackProxy::GetInstance
[2023.03.30-02.34.30:589][  0]LogAudioCaptureCore: Display: No Audio Capture implementations found. Audio input will be silent.
[2023.03.30-02.34.30:589][  0]LogAudioCaptureCore: Display: No Audio Capture implementations found. Audio input will be silent.
[2023.03.30-02.34.30:682][  0]LogCollectionManager: Loaded 0 collections in 0.001282 seconds
[2023.03.30-02.34.30:700][  0]LogFileCache: Scanning file cache for directory 'C:/Users/user/Desktop/201904026 언리얼 엔진/MyLiz/Saved/Collections/' took 0.00s
[2023.03.30-02.34.30:700][  0]LogFileCache: Scanning file cache for directory 'C:/Users/user/Desktop/201904026 언리얼 엔진/MyLiz/Content/Developers/user/Collections/' took 0.00s
[2023.03.30-02.34.30:700][  0]LogFileCache: Scanning file cache for directory 'C:/Users/user/Desktop/201904026 언리얼 엔진/MyLiz/Content/Collections/' took 0.00s
[2023.03.30-02.34.30:700][  0]LogOcInput: OculusInput pre-init called
[2023.03.30-02.34.30:927][  0]LogEngine: Initializing Engine...
[2023.03.30-02.34.30:929][  0]LogHMD: Failed to enumerate extensions. Please check that you have a valid OpenXR runtime installed.
[2023.03.30-02.34.30:929][  0]LogHMD: Failed to initialize OpenVR with code 110
[2023.03.30-02.34.30:929][  0]LogMagicLeap: Warning: VR disabled because ZI is not enabled.  To enable, in the editor, Edit -> Project Settings -> Plugins -> Magic Leap Plugin -> Enable Zero Iteration
[2023.03.30-02.34.30:930][  0]LogStats: UGameplayTagsManager::InitializeManager -  0.000 s
[2023.03.30-02.34.31:046][  0]LogInit: Initializing FReadOnlyCVARCache
[2023.03.30-02.34.31:054][  0]LogAIModule: Creating AISystem for world Untitled
[2023.03.30-02.34.31:079][  0]LogAudio: Display: Initializing Audio Device Manager...
[2023.03.30-02.34.31:082][  0]LogAudio: Display: Loading Default Audio Settings Objects...
[2023.03.30-02.34.31:083][  0]LogAudio: Display: No default SoundConcurrencyObject specified (or failed to load).
[2023.03.30-02.34.31:083][  0]LogAudio: Display: Audio Device Manager Initialized
[2023.03.30-02.34.31:083][  0]LogAudio: Display: Creating Audio Device:                 Id: 1, Scope: Shared, Realtime: True
[2023.03.30-02.34.31:083][  0]LogAudioMixer: Display: Audio Mixer Platform Settings:
[2023.03.30-02.34.31:083][  0]LogAudioMixer: Display: 	Sample Rate:						  48000
[2023.03.30-02.34.31:083][  0]LogAudioMixer: Display: 	Callback Buffer Frame Size Requested: 1024
[2023.03.30-02.34.31:083][  0]LogAudioMixer: Display: 	Callback Buffer Frame Size To Use:	  1024
[2023.03.30-02.34.31:083][  0]LogAudioMixer: Display: 	Number of buffers to queue:			  2
[2023.03.30-02.34.31:083][  0]LogAudioMixer: Display: 	Max Channels (voices):				  32
[2023.03.30-02.34.31:083][  0]LogAudioMixer: Display: 	Number of Async Source Workers:		  0
[2023.03.30-02.34.31:083][  0]LogAudio: Display: AudioDevice MaxSources: 32
[2023.03.30-02.34.31:083][  0]LogAudio: Display: Audio Spatialization Plugin: None (built-in).
[2023.03.30-02.34.31:083][  0]LogAudio: Display: Audio Reverb Plugin: None (built-in).
[2023.03.30-02.34.31:083][  0]LogAudio: Display: Audio Occlusion Plugin: None (built-in).
[2023.03.30-02.34.31:083][  0]LogAudioMixer: Display: Initializing audio mixer.
[2023.03.30-02.34.31:091][  0]LogAudioMixer: Display: Using Audio Device Unknown
[2023.03.30-02.34.31:095][  0]LogAudioMixer: Display: Initializing Sound Submixes...
[2023.03.30-02.34.31:096][  0]LogAudioMixer: Display: Creating Master Submix 'MasterSubmixDefault'
[2023.03.30-02.34.31:096][  0]LogAudioMixer: Display: Creating Master Submix 'MasterReverbSubmixDefault'
[2023.03.30-02.34.31:097][  0]LogAudioMixer: Display: Creating Master Submix 'MasterEQSubmixDefault'
[2023.03.30-02.34.31:097][  0]LogAudioMixer: FMixerPlatformXAudio2::StartAudioStream() called
[2023.03.30-02.34.31:097][  0]LogAudioMixer: Display: Output buffers initialized: Frames=1024, Channels=2, Samples=2048
[2023.03.30-02.34.31:098][  0]LogAudioMixer: Display: Starting AudioMixerPlatformInterface::RunInternal()
[2023.03.30-02.34.31:098][  0]LogAudioMixer: Display: StartRunningNullDevice() called
[2023.03.30-02.34.31:099][  0]LogInit: FAudioDevice initialized.
[2023.03.30-02.34.31:099][  0]LogAudio: Display: Audio Device (ID: 1) registered with world 'Untitled'.
[2023.03.30-02.34.31:099][  0]LogNetVersion: Set ProjectVersion to 1.0.0.0. Version Checksum will be recalculated on next use.
[2023.03.30-02.34.31:170][  0]LogDerivedDataCache: Saved boot cache 0.07s 94MB C:/Users/user/AppData/Local/UnrealEngine/4.27/DerivedDataCache/Boot.ddc.
[2023.03.30-02.34.31:171][  0]LogInit: Texture streaming: Enabled
[2023.03.30-02.34.31:180][  0]LogAnalytics: Display: [UEEditor.Rocket.Release] APIServer = https://datarouter.ol.epicgames.com/. AppVersion = 4.27.2-18319896+++UE4+Release-4.27
[2023.03.30-02.34.31:182][  0]LogEngineSessionManager: EngineSessionManager initialized
[2023.03.30-02.34.31:182][  0]LogEditorSessionSummary: Verbose: Initializing EditorSessionSummaryWriter for editor session tracking
[2023.03.30-02.34.31:189][  0]LogEditorSessionSummary: EditorSessionSummaryWriter initialized
[2023.03.30-02.34.31:223][  0]LogInit: Transaction tracking system initialized
[2023.03.30-02.34.31:240][  0]BlueprintLog: New page: 에디터 로드
[2023.03.30-02.34.31:287][  0]LocalizationService: 현지화 서비스가 비활성화되었습니다.
[2023.03.30-02.34.31:304][  0]TimingProfiler: Initialize
[2023.03.30-02.34.31:304][  0]TimingProfiler: OnSessionChanged
[2023.03.30-02.34.31:304][  0]LoadingProfiler: Initialize
[2023.03.30-02.34.31:304][  0]LoadingProfiler: OnSessionChanged
[2023.03.30-02.34.31:304][  0]NetworkingProfiler: Initialize
[2023.03.30-02.34.31:304][  0]NetworkingProfiler: OnSessionChanged
[2023.03.30-02.34.31:304][  0]MemoryProfiler: Initialize
[2023.03.30-02.34.31:304][  0]MemoryProfiler: OnSessionChanged
[2023.03.30-02.34.31:410][  0]LogCook: Display: CookSettings for Memory: MemoryMaxUsedVirtual 0MiB, MemoryMaxUsedPhysical 16384MiB, MemoryMinFreeVirtual 0MiB, MemoryMinFreePhysical 1024MiB
[2023.03.30-02.34.31:410][  0]LogCook: Display: Mobile HDR setting 1
[2023.03.30-02.34.31:551][  0]LogFileCache: Scanning file cache for directory 'C:/Users/user/Desktop/201904026 언리얼 엔진/MyLiz/Content/' took 0.00s
[2023.03.30-02.34.31:723][  0]LogInit: Display: Engine is initialized. Leaving FEngineLoop::Init()
[2023.03.30-02.34.31:726][  0]SourceControl: 소스 컨트롤이 꺼졌습니다.
[2023.03.30-02.34.31:726][  0]LogUnrealEdMisc: Loading editor; pre map load, took 5.429
[2023.03.30-02.34.31:726][  0]Cmd: MAP LOAD FILE="../../../Engine/Content/Maps/Templates/Template_Default.umap" TEMPLATE=1 SHOWPROGRESS=1 FEATURELEVEL=3
[2023.03.30-02.34.31:727][  0]LightingResults: New page: 라이팅 빌드
[2023.03.30-02.34.31:763][  0]LogWorld: UWorld::CleanupWorld for Untitled, bSessionEnded=true, bCleanupResources=true
[2023.03.30-02.34.31:764][  0]LogSlate: InvalidateAllWidgets triggered.  All widgets were invalidated
[2023.03.30-02.34.31:764][  0]MapCheck: New page: 맵 체크
[2023.03.30-02.34.31:764][  0]LightingResults: New page: 라이팅 빌드
[2023.03.30-02.34.31:775][  0]LogAudio: Display: Audio Device unregistered from world 'None'.
[2023.03.30-02.34.31:781][  0]LogUObjectHash: Compacting FUObjectHashTables data took   2.12ms
[2023.03.30-02.34.31:837][  0]LogTexture: Display: 텍스처 빌드: DeprecatedTextureEB9CBE3C423008B5E8E130901E171C89 (BGRA8, 128X128)
[2023.03.30-02.34.31:845][  0]LogAudio: Display: Audio Device (ID: 1) registered with world 'Untitled_1'.
[2023.03.30-02.34.31:846][  0]LogAIModule: Creating AISystem for world Untitled_1
[2023.03.30-02.34.31:849][  0]LogEditorServer: Finished looking for orphan Actors (0.000 secs)
[2023.03.30-02.34.31:855][  0]LogUObjectHash: Compacting FUObjectHashTables data took   0.63ms
[2023.03.30-02.34.31:856][  0]Cmd: MAP CHECKDEP NOCLEARLOG
[2023.03.30-02.34.31:856][  0]MapCheck: 맵 체크 완료: 오류 0 회, 경고 0 회, 소요 시간 0.145ms.
[2023.03.30-02.34.31:856][  0]LogFileHelpers: Loading map 'Template_Default' took 0.130
[2023.03.30-02.34.31:857][  0]LogUnrealEdMisc: Total Editor Startup Time, took 5.561
[2023.03.30-02.34.31:994][  0]LogSlate: Updating window title bar state: overlay mode, drag disabled, window buttons hidden, title bar hidden
[2023.03.30-02.34.31:999][  0]LogSlate: Updating window title bar state: overlay mode, drag disabled, window buttons hidden, title bar hidden
[2023.03.30-02.34.32:006][  0]LogSlate: Updating window title bar state: overlay mode, drag disabled, window buttons hidden, title bar hidden
[2023.03.30-02.34.32:012][  0]LogSlate: Updating window title bar state: overlay mode, drag disabled, window buttons hidden, title bar hidden
[2023.03.30-02.34.32:022][  0]LogNativeClassHierarchy: Verbose: Native class hierarchy populated in 0.0077 seconds. Added 3822 classes and 928 folders.
[2023.03.30-02.34.32:024][  0]LogNativeClassHierarchy: Verbose: Native class hierarchy updated for 'WidgetCarousel' in 0.0002 seconds. Added 0 classes and 0 folders.
[2023.03.30-02.34.32:025][  0]LogPakFile: PakFile PrimaryIndexSize=187
[2023.03.30-02.34.32:025][  0]LogPakFile: PakFile PathHashIndexSize=101
[2023.03.30-02.34.32:025][  0]LogPakFile: PakFile FullDirectoryIndexSize=148
[2023.03.30-02.34.32:025][  0]LogShaderLibrary: Display: ShaderCodeLibraryPakFileMountedCallback: PakFile 'C:/Program Files/Epic Games/UE_4.27/FeaturePacks/FP_FirstPerson.upack' (chunk index -1, root 'root:/') mounted
[2023.03.30-02.34.32:025][  0]LogShaderLibrary: Display: ShaderCodeLibraryPakFileMountedCallback: pending pak file info (ChunkID:-1 Root:root:/ File:C:/Program Files/Epic Games/UE_4.27/FeaturePacks/FP_FirstPerson.upack)
[2023.03.30-02.34.32:025][  0]LogPakFile: OnPakFileMounted2Time == 0.000044
[2023.03.30-02.34.32:026][  0]LogPakFile: PakFile PrimaryIndexSize=189
[2023.03.30-02.34.32:026][  0]LogPakFile: PakFile PathHashIndexSize=101
[2023.03.30-02.34.32:026][  0]LogPakFile: PakFile FullDirectoryIndexSize=152
[2023.03.30-02.34.32:026][  0]LogShaderLibrary: Display: ShaderCodeLibraryPakFileMountedCallback: PakFile 'C:/Program Files/Epic Games/UE_4.27/FeaturePacks/FP_FirstPersonBP.upack' (chunk index -1, root 'root:/') mounted
[2023.03.30-02.34.32:026][  0]LogShaderLibrary: Display: ShaderCodeLibraryPakFileMountedCallback: pending pak file info (ChunkID:-1 Root:root:/ File:C:/Program Files/Epic Games/UE_4.27/FeaturePacks/FP_FirstPersonBP.upack)
[2023.03.30-02.34.32:026][  0]LogPakFile: OnPakFileMounted2Time == 0.000033
[2023.03.30-02.34.32:026][  0]LogPakFile: PakFile PrimaryIndexSize=191
[2023.03.30-02.34.32:026][  0]LogPakFile: PakFile PathHashIndexSize=101
[2023.03.30-02.34.32:026][  0]LogPakFile: PakFile FullDirectoryIndexSize=160
[2023.03.30-02.34.32:026][  0]LogShaderLibrary: Display: ShaderCodeLibraryPakFileMountedCallback: PakFile 'C:/Program Files/Epic Games/UE_4.27/FeaturePacks/MobileStarterContent.upack' (chunk index -1, root 'root:/') mounted
[2023.03.30-02.34.32:026][  0]LogShaderLibrary: Display: ShaderCodeLibraryPakFileMountedCallback: pending pak file info (ChunkID:-1 Root:root:/ File:C:/Program Files/Epic Games/UE_4.27/FeaturePacks/MobileStarterContent.upack)
[2023.03.30-02.34.32:026][  0]LogPakFile: OnPakFileMounted2Time == 0.000028
[2023.03.30-02.34.32:027][  0]LogPakFile: PakFile PrimaryIndexSize=185
[2023.03.30-02.34.32:027][  0]LogPakFile: PakFile PathHashIndexSize=101
[2023.03.30-02.34.32:027][  0]LogPakFile: PakFile FullDirectoryIndexSize=148
[2023.03.30-02.34.32:027][  0]LogShaderLibrary: Display: ShaderCodeLibraryPakFileMountedCallback: PakFile 'C:/Program Files/Epic Games/UE_4.27/FeaturePacks/StarterContent.upack' (chunk index -1, root 'root:/') mounted
[2023.03.30-02.34.32:027][  0]LogShaderLibrary: Display: ShaderCodeLibraryPakFileMountedCallback: pending pak file info (ChunkID:-1 Root:root:/ File:C:/Program Files/Epic Games/UE_4.27/FeaturePacks/StarterContent.upack)
[2023.03.30-02.34.32:027][  0]LogPakFile: OnPakFileMounted2Time == 0.000030
[2023.03.30-02.34.32:027][  0]LogPakFile: PakFile PrimaryIndexSize=190
[2023.03.30-02.34.32:027][  0]LogPakFile: PakFile PathHashIndexSize=101
[2023.03.30-02.34.32:027][  0]LogPakFile: PakFile FullDirectoryIndexSize=154
[2023.03.30-02.34.32:027][  0]LogShaderLibrary: Display: ShaderCodeLibraryPakFileMountedCallback: PakFile 'C:/Program Files/Epic Games/UE_4.27/FeaturePacks/TP_2DSideScroller.upack' (chunk index -1, root 'root:/') mounted
[2023.03.30-02.34.32:027][  0]LogShaderLibrary: Display: ShaderCodeLibraryPakFileMountedCallback: pending pak file info (ChunkID:-1 Root:root:/ File:C:/Program Files/Epic Games/UE_4.27/FeaturePacks/TP_2DSideScroller.upack)
[2023.03.30-02.34.32:027][  0]LogPakFile: OnPakFileMounted2Time == 0.000028
[2023.03.30-02.34.32:027][  0]LogPakFile: PakFile PrimaryIndexSize=192
[2023.03.30-02.34.32:028][  0]LogPakFile: PakFile PathHashIndexSize=101
[2023.03.30-02.34.32:028][  0]LogPakFile: PakFile FullDirectoryIndexSize=158
[2023.03.30-02.34.32:028][  0]LogShaderLibrary: Display: ShaderCodeLibraryPakFileMountedCallback: PakFile 'C:/Program Files/Epic Games/UE_4.27/FeaturePacks/TP_2DSideScrollerBP.upack' (chunk index -1, root 'root:/') mounted
[2023.03.30-02.34.32:028][  0]LogShaderLibrary: Display: ShaderCodeLibraryPakFileMountedCallback: pending pak file info (ChunkID:-1 Root:root:/ File:C:/Program Files/Epic Games/UE_4.27/FeaturePacks/TP_2DSideScrollerBP.upack)
[2023.03.30-02.34.32:028][  0]LogPakFile: OnPakFileMounted2Time == 0.000027
[2023.03.30-02.34.32:028][  0]LogPakFile: PakFile PrimaryIndexSize=182
[2023.03.30-02.34.32:028][  0]LogPakFile: PakFile PathHashIndexSize=101
[2023.03.30-02.34.32:028][  0]LogPakFile: PakFile FullDirectoryIndexSize=138
[2023.03.30-02.34.32:028][  0]LogShaderLibrary: Display: ShaderCodeLibraryPakFileMountedCallback: PakFile 'C:/Program Files/Epic Games/UE_4.27/FeaturePacks/TP_Flying.upack' (chunk index -1, root 'root:/') mounted
[2023.03.30-02.34.32:028][  0]LogShaderLibrary: Display: ShaderCodeLibraryPakFileMountedCallback: pending pak file info (ChunkID:-1 Root:root:/ File:C:/Program Files/Epic Games/UE_4.27/FeaturePacks/TP_Flying.upack)
[2023.03.30-02.34.32:028][  0]LogPakFile: OnPakFileMounted2Time == 0.000030
[2023.03.30-02.34.32:028][  0]LogPakFile: PakFile PrimaryIndexSize=184
[2023.03.30-02.34.32:028][  0]LogPakFile: PakFile PathHashIndexSize=101
[2023.03.30-02.34.32:028][  0]LogPakFile: PakFile FullDirectoryIndexSize=142
[2023.03.30-02.34.32:029][  0]LogShaderLibrary: Display: ShaderCodeLibraryPakFileMountedCallback: PakFile 'C:/Program Files/Epic Games/UE_4.27/FeaturePacks/TP_FlyingBP.upack' (chunk index -1, root 'root:/') mounted
[2023.03.30-02.34.32:029][  0]LogShaderLibrary: Display: ShaderCodeLibraryPakFileMountedCallback: pending pak file info (ChunkID:-1 Root:root:/ File:C:/Program Files/Epic Games/UE_4.27/FeaturePacks/TP_FlyingBP.upack)
[2023.03.30-02.34.32:029][  0]LogPakFile: OnPakFileMounted2Time == 0.000031
[2023.03.30-02.34.32:029][  0]LogPakFile: PakFile PrimaryIndexSize=188
[2023.03.30-02.34.32:029][  0]LogPakFile: PakFile PathHashIndexSize=101
[2023.03.30-02.34.32:029][  0]LogPakFile: PakFile FullDirectoryIndexSize=150
[2023.03.30-02.34.32:029][  0]LogShaderLibrary: Display: ShaderCodeLibraryPakFileMountedCallback: PakFile 'C:/Program Files/Epic Games/UE_4.27/FeaturePacks/TP_HandheldARBP.upack' (chunk index -1, root 'root:/') mounted
[2023.03.30-02.34.32:029][  0]LogShaderLibrary: Display: ShaderCodeLibraryPakFileMountedCallback: pending pak file info (ChunkID:-1 Root:root:/ File:C:/Program Files/Epic Games/UE_4.27/FeaturePacks/TP_HandheldARBP.upack)
[2023.03.30-02.34.32:029][  0]LogPakFile: OnPakFileMounted2Time == 0.000027
[2023.03.30-02.34.32:029][  0]LogPakFile: PakFile PrimaryIndexSize=182
[2023.03.30-02.34.32:030][  0]LogPakFile: PakFile PathHashIndexSize=101
[2023.03.30-02.34.32:030][  0]LogPakFile: PakFile FullDirectoryIndexSize=138
[2023.03.30-02.34.32:030][  0]LogShaderLibrary: Display: ShaderCodeLibraryPakFileMountedCallback: PakFile 'C:/Program Files/Epic Games/UE_4.27/FeaturePacks/TP_Puzzle.upack' (chunk index -1, root 'root:/') mounted
[2023.03.30-02.34.32:030][  0]LogShaderLibrary: Display: ShaderCodeLibraryPakFileMountedCallback: pending pak file info (ChunkID:-1 Root:root:/ File:C:/Program Files/Epic Games/UE_4.27/FeaturePacks/TP_Puzzle.upack)
[2023.03.30-02.34.32:030][  0]LogPakFile: OnPakFileMounted2Time == 0.000028
[2023.03.30-02.34.32:030][  0]LogPakFile: PakFile PrimaryIndexSize=184
[2023.03.30-02.34.32:030][  0]LogPakFile: PakFile PathHashIndexSize=101
[2023.03.30-02.34.32:030][  0]LogPakFile: PakFile FullDirectoryIndexSize=142
[2023.03.30-02.34.32:030][  0]LogShaderLibrary: Display: ShaderCodeLibraryPakFileMountedCallback: PakFile 'C:/Program Files/Epic Games/UE_4.27/FeaturePacks/TP_PuzzleBP.upack' (chunk index -1, root 'root:/') mounted
[2023.03.30-02.34.32:030][  0]LogShaderLibrary: Display: ShaderCodeLibraryPakFileMountedCallback: pending pak file info (ChunkID:-1 Root:root:/ File:C:/Program Files/Epic Games/UE_4.27/FeaturePacks/TP_PuzzleBP.upack)
[2023.03.30-02.34.32:030][  0]LogPakFile: OnPakFileMounted2Time == 0.000030
[2023.03.30-02.34.32:030][  0]LogPakFile: PakFile PrimaryIndexSize=183
[2023.03.30-02.34.32:030][  0]LogPakFile: PakFile PathHashIndexSize=101
[2023.03.30-02.34.32:030][  0]LogPakFile: PakFile FullDirectoryIndexSize=140
[2023.03.30-02.34.32:030][  0]LogShaderLibrary: Display: ShaderCodeLibraryPakFileMountedCallback: PakFile 'C:/Program Files/Epic Games/UE_4.27/FeaturePacks/TP_Rolling.upack' (chunk index -1, root 'root:/') mounted
[2023.03.30-02.34.32:030][  0]LogShaderLibrary: Display: ShaderCodeLibraryPakFileMountedCallback: pending pak file info (ChunkID:-1 Root:root:/ File:C:/Program Files/Epic Games/UE_4.27/FeaturePacks/TP_Rolling.upack)
[2023.03.30-02.34.32:030][  0]LogPakFile: OnPakFileMounted2Time == 0.000027
[2023.03.30-02.34.32:031][  0]LogPakFile: PakFile PrimaryIndexSize=185
[2023.03.30-02.34.32:031][  0]LogPakFile: PakFile PathHashIndexSize=101
[2023.03.30-02.34.32:031][  0]LogPakFile: PakFile FullDirectoryIndexSize=144
[2023.03.30-02.34.32:031][  0]LogShaderLibrary: Display: ShaderCodeLibraryPakFileMountedCallback: PakFile 'C:/Program Files/Epic Games/UE_4.27/FeaturePacks/TP_RollingBP.upack' (chunk index -1, root 'root:/') mounted
[2023.03.30-02.34.32:031][  0]LogShaderLibrary: Display: ShaderCodeLibraryPakFileMountedCallback: pending pak file info (ChunkID:-1 Root:root:/ File:C:/Program Files/Epic Games/UE_4.27/FeaturePacks/TP_RollingBP.upack)
[2023.03.30-02.34.32:031][  0]LogPakFile: OnPakFileMounted2Time == 0.000027
[2023.03.30-02.34.32:031][  0]LogPakFile: PakFile PrimaryIndexSize=188
[2023.03.30-02.34.32:031][  0]LogPakFile: PakFile PathHashIndexSize=101
[2023.03.30-02.34.32:031][  0]LogPakFile: PakFile FullDirectoryIndexSize=150
[2023.03.30-02.34.32:031][  0]LogShaderLibrary: Display: ShaderCodeLibraryPakFileMountedCallback: PakFile 'C:/Program Files/Epic Games/UE_4.27/FeaturePacks/TP_SideScroller.upack' (chunk index -1, root 'root:/') mounted
[2023.03.30-02.34.32:031][  0]LogShaderLibrary: Display: ShaderCodeLibraryPakFileMountedCallback: pending pak file info (ChunkID:-1 Root:root:/ File:C:/Program Files/Epic Games/UE_4.27/FeaturePacks/TP_SideScroller.upack)
[2023.03.30-02.34.32:031][  0]LogPakFile: OnPakFileMounted2Time == 0.000027
[2023.03.30-02.34.32:032][  0]LogPakFile: PakFile PrimaryIndexSize=190
[2023.03.30-02.34.32:032][  0]LogPakFile: PakFile PathHashIndexSize=101
[2023.03.30-02.34.32:032][  0]LogPakFile: PakFile FullDirectoryIndexSize=154
[2023.03.30-02.34.32:032][  0]LogShaderLibrary: Display: ShaderCodeLibraryPakFileMountedCallback: PakFile 'C:/Program Files/Epic Games/UE_4.27/FeaturePacks/TP_SideScrollerBP.upack' (chunk index -1, root 'root:/') mounted
[2023.03.30-02.34.32:032][  0]LogShaderLibrary: Display: ShaderCodeLibraryPakFileMountedCallback: pending pak file info (ChunkID:-1 Root:root:/ File:C:/Program Files/Epic Games/UE_4.27/FeaturePacks/TP_SideScrollerBP.upack)
[2023.03.30-02.34.32:032][  0]LogPakFile: OnPakFileMounted2Time == 0.000028
[2023.03.30-02.34.32:032][  0]LogPakFile: PakFile PrimaryIndexSize=187
[2023.03.30-02.34.32:032][  0]LogPakFile: PakFile PathHashIndexSize=101
[2023.03.30-02.34.32:032][  0]LogPakFile: PakFile FullDirectoryIndexSize=148
[2023.03.30-02.34.32:032][  0]LogShaderLibrary: Display: ShaderCodeLibraryPakFileMountedCallback: PakFile 'C:/Program Files/Epic Games/UE_4.27/FeaturePacks/TP_ThirdPerson.upack' (chunk index -1, root 'root:/') mounted
[2023.03.30-02.34.32:032][  0]LogShaderLibrary: Display: ShaderCodeLibraryPakFileMountedCallback: pending pak file info (ChunkID:-1 Root:root:/ File:C:/Program Files/Epic Games/UE_4.27/FeaturePacks/TP_ThirdPerson.upack)
[2023.03.30-02.34.32:032][  0]LogPakFile: OnPakFileMounted2Time == 0.000031
[2023.03.30-02.34.32:033][  0]LogPakFile: PakFile PrimaryIndexSize=189
[2023.03.30-02.34.32:033][  0]LogPakFile: PakFile PathHashIndexSize=101
[2023.03.30-02.34.32:033][  0]LogPakFile: PakFile FullDirectoryIndexSize=152
[2023.03.30-02.34.32:033][  0]LogShaderLibrary: Display: ShaderCodeLibraryPakFileMountedCallback: PakFile 'C:/Program Files/Epic Games/UE_4.27/FeaturePacks/TP_ThirdPersonBP.upack' (chunk index -1, root 'root:/') mounted
[2023.03.30-02.34.32:033][  0]LogShaderLibrary: Display: ShaderCodeLibraryPakFileMountedCallback: pending pak file info (ChunkID:-1 Root:root:/ File:C:/Program Files/Epic Games/UE_4.27/FeaturePacks/TP_ThirdPersonBP.upack)
[2023.03.30-02.34.32:033][  0]LogPakFile: OnPakFileMounted2Time == 0.000028
[2023.03.30-02.34.32:033][  0]LogPakFile: PakFile PrimaryIndexSize=183
[2023.03.30-02.34.32:033][  0]LogPakFile: PakFile PathHashIndexSize=101
[2023.03.30-02.34.32:033][  0]LogPakFile: PakFile FullDirectoryIndexSize=140
[2023.03.30-02.34.32:033][  0]LogShaderLibrary: Display: ShaderCodeLibraryPakFileMountedCallback: PakFile 'C:/Program Files/Epic Games/UE_4.27/FeaturePacks/TP_TopDown.upack' (chunk index -1, root 'root:/') mounted
[2023.03.30-02.34.32:033][  0]LogShaderLibrary: Display: ShaderCodeLibraryPakFileMountedCallback: pending pak file info (ChunkID:-1 Root:root:/ File:C:/Program Files/Epic Games/UE_4.27/FeaturePacks/TP_TopDown.upack)
[2023.03.30-02.34.32:033][  0]LogPakFile: OnPakFileMounted2Time == 0.000032
[2023.03.30-02.34.32:033][  0]LogPakFile: PakFile PrimaryIndexSize=185
[2023.03.30-02.34.32:033][  0]LogPakFile: PakFile PathHashIndexSize=101
[2023.03.30-02.34.32:033][  0]LogPakFile: PakFile FullDirectoryIndexSize=144
[2023.03.30-02.34.32:033][  0]LogShaderLibrary: Display: ShaderCodeLibraryPakFileMountedCallback: PakFile 'C:/Program Files/Epic Games/UE_4.27/FeaturePacks/TP_TopDownBP.upack' (chunk index -1, root 'root:/') mounted
[2023.03.30-02.34.32:033][  0]LogShaderLibrary: Display: ShaderCodeLibraryPakFileMountedCallback: pending pak file info (ChunkID:-1 Root:root:/ File:C:/Program Files/Epic Games/UE_4.27/FeaturePacks/TP_TopDownBP.upack)
[2023.03.30-02.34.32:033][  0]LogPakFile: OnPakFileMounted2Time == 0.000027
[2023.03.30-02.34.32:034][  0]LogPakFile: PakFile PrimaryIndexSize=185
[2023.03.30-02.34.32:034][  0]LogPakFile: PakFile PathHashIndexSize=101
[2023.03.30-02.34.32:034][  0]LogPakFile: PakFile FullDirectoryIndexSize=144
[2023.03.30-02.34.32:034][  0]LogShaderLibrary: Display: ShaderCodeLibraryPakFileMountedCallback: PakFile 'C:/Program Files/Epic Games/UE_4.27/FeaturePacks/TP_TwinStick.upack' (chunk index -1, root 'root:/') mounted
[2023.03.30-02.34.32:034][  0]LogShaderLibrary: Display: ShaderCodeLibraryPakFileMountedCallback: pending pak file info (ChunkID:-1 Root:root:/ File:C:/Program Files/Epic Games/UE_4.27/FeaturePacks/TP_TwinStick.upack)
[2023.03.30-02.34.32:034][  0]LogPakFile: OnPakFileMounted2Time == 0.000029
[2023.03.30-02.34.32:034][  0]LogPakFile: PakFile PrimaryIndexSize=187
[2023.03.30-02.34.32:034][  0]LogPakFile: PakFile PathHashIndexSize=101
[2023.03.30-02.34.32:034][  0]LogPakFile: PakFile FullDirectoryIndexSize=148
[2023.03.30-02.34.32:034][  0]LogShaderLibrary: Display: ShaderCodeLibraryPakFileMountedCallback: PakFile 'C:/Program Files/Epic Games/UE_4.27/FeaturePacks/TP_TwinStickBP.upack' (chunk index -1, root 'root:/') mounted
[2023.03.30-02.34.32:034][  0]LogShaderLibrary: Display: ShaderCodeLibraryPakFileMountedCallback: pending pak file info (ChunkID:-1 Root:root:/ File:C:/Program Files/Epic Games/UE_4.27/FeaturePacks/TP_TwinStickBP.upack)
[2023.03.30-02.34.32:034][  0]LogPakFile: OnPakFileMounted2Time == 0.000031
[2023.03.30-02.34.32:035][  0]LogPakFile: PakFile PrimaryIndexSize=183
[2023.03.30-02.34.32:035][  0]LogPakFile: PakFile PathHashIndexSize=101
[2023.03.30-02.34.32:035][  0]LogPakFile: PakFile FullDirectoryIndexSize=140
[2023.03.30-02.34.32:035][  0]LogShaderLibrary: Display: ShaderCodeLibraryPakFileMountedCallback: PakFile 'C:/Program Files/Epic Games/UE_4.27/FeaturePacks/TP_Vehicle.upack' (chunk index -1, root 'root:/') mounted
[2023.03.30-02.34.32:035][  0]LogShaderLibrary: Display: ShaderCodeLibraryPakFileMountedCallback: pending pak file info (ChunkID:-1 Root:root:/ File:C:/Program Files/Epic Games/UE_4.27/FeaturePacks/TP_Vehicle.upack)
[2023.03.30-02.34.32:035][  0]LogPakFile: OnPakFileMounted2Time == 0.000028
[2023.03.30-02.34.32:035][  0]LogPakFile: PakFile PrimaryIndexSize=186
[2023.03.30-02.34.32:035][  0]LogPakFile: PakFile PathHashIndexSize=101
[2023.03.30-02.34.32:035][  0]LogPakFile: PakFile FullDirectoryIndexSize=146
[2023.03.30-02.34.32:035][  0]LogShaderLibrary: Display: ShaderCodeLibraryPakFileMountedCallback: PakFile 'C:/Program Files/Epic Games/UE_4.27/FeaturePacks/TP_VehicleAdv.upack' (chunk index -1, root 'root:/') mounted
[2023.03.30-02.34.32:035][  0]LogShaderLibrary: Display: ShaderCodeLibraryPakFileMountedCallback: pending pak file info (ChunkID:-1 Root:root:/ File:C:/Program Files/Epic Games/UE_4.27/FeaturePacks/TP_VehicleAdv.upack)
[2023.03.30-02.34.32:035][  0]LogPakFile: OnPakFileMounted2Time == 0.000029
[2023.03.30-02.34.32:036][  0]LogPakFile: PakFile PrimaryIndexSize=188
[2023.03.30-02.34.32:036][  0]LogPakFile: PakFile PathHashIndexSize=101
[2023.03.30-02.34.32:036][  0]LogPakFile: PakFile FullDirectoryIndexSize=150
[2023.03.30-02.34.32:036][  0]LogShaderLibrary: Display: ShaderCodeLibraryPakFileMountedCallback: PakFile 'C:/Program Files/Epic Games/UE_4.27/FeaturePacks/TP_VehicleAdvBP.upack' (chunk index -1, root 'root:/') mounted
[2023.03.30-02.34.32:036][  0]LogShaderLibrary: Display: ShaderCodeLibraryPakFileMountedCallback: pending pak file info (ChunkID:-1 Root:root:/ File:C:/Program Files/Epic Games/UE_4.27/FeaturePacks/TP_VehicleAdvBP.upack)
[2023.03.30-02.34.32:036][  0]LogPakFile: OnPakFileMounted2Time == 0.000029
[2023.03.30-02.34.32:036][  0]LogPakFile: PakFile PrimaryIndexSize=185
[2023.03.30-02.34.32:036][  0]LogPakFile: PakFile PathHashIndexSize=101
[2023.03.30-02.34.32:036][  0]LogPakFile: PakFile FullDirectoryIndexSize=144
[2023.03.30-02.34.32:036][  0]LogShaderLibrary: Display: ShaderCodeLibraryPakFileMountedCallback: PakFile 'C:/Program Files/Epic Games/UE_4.27/FeaturePacks/TP_VehicleBP.upack' (chunk index -1, root 'root:/') mounted
[2023.03.30-02.34.32:036][  0]LogShaderLibrary: Display: ShaderCodeLibraryPakFileMountedCallback: pending pak file info (ChunkID:-1 Root:root:/ File:C:/Program Files/Epic Games/UE_4.27/FeaturePacks/TP_VehicleBP.upack)
[2023.03.30-02.34.32:036][  0]LogPakFile: OnPakFileMounted2Time == 0.000028
[2023.03.30-02.34.32:036][  0]LogPakFile: PakFile PrimaryIndexSize=192
[2023.03.30-02.34.32:037][  0]LogPakFile: PakFile PathHashIndexSize=101
[2023.03.30-02.34.32:037][  0]LogPakFile: PakFile FullDirectoryIndexSize=158
[2023.03.30-02.34.32:037][  0]LogShaderLibrary: Display: ShaderCodeLibraryPakFileMountedCallback: PakFile 'C:/Program Files/Epic Games/UE_4.27/FeaturePacks/TP_VirtualRealityBP.upack' (chunk index -1, root 'root:/') mounted
[2023.03.30-02.34.32:037][  0]LogShaderLibrary: Display: ShaderCodeLibraryPakFileMountedCallback: pending pak file info (ChunkID:-1 Root:root:/ File:C:/Program Files/Epic Games/UE_4.27/FeaturePacks/TP_VirtualRealityBP.upack)
[2023.03.30-02.34.32:037][  0]LogPakFile: OnPakFileMounted2Time == 0.000028
[2023.03.30-02.34.32:075][  0]LogNativeClassHierarchy: Verbose: Native class hierarchy updated for 'AddContentDialog' in 0.0002 seconds. Added 0 classes and 0 folders.
[2023.03.30-02.34.32:076][  0]LogNativeClassHierarchy: Verbose: Native class hierarchy updated for 'SceneOutliner' in 0.0002 seconds. Added 2 classes and 0 folders.
[2023.03.30-02.34.32:104][  0]LogSlate: Took 0.000349 seconds to synchronously load lazily loaded font '../../../Engine/Content/Slate/Fonts/Roboto-Regular.ttf' (155K)
[2023.03.30-02.34.32:108][  0]LogSlate: Took 0.003731 seconds to synchronously load lazily loaded font '../../../Engine/Content/Editor/Slate/Fonts/NanumGothic.ttf' (4243K)
[2023.03.30-02.34.32:109][  0]LogSlate: Took 0.000137 seconds to synchronously load lazily loaded font '../../../Engine/Content/Editor/Slate/Fonts/FontAwesome.ttf' (139K)
[2023.03.30-02.34.32:112][  0]LogSlate: Took 0.002227 seconds to synchronously load lazily loaded font '../../../Engine/Content/Editor/Slate/Fonts/NanumGothicBold.ttf' (4188K)
[2023.03.30-02.34.32:112][  0]LogSlate: Took 0.000129 seconds to synchronously load lazily loaded font '../../../Engine/Content/Slate/Fonts/Roboto-Bold.ttf' (160K)
[2023.03.30-02.34.32:191][  0]LogRenderer: Reallocating scene render targets to support 1208x572 Format 10 NumSamples 1 (Frame:1).
[2023.03.30-02.34.32:345][  0]LogNativeClassHierarchy: Verbose: Native class hierarchy updated for 'HierarchicalLODOutliner' in 0.0003 seconds. Added 0 classes and 0 folders.
[2023.03.30-02.34.32:345][  0]LogLoad: (Engine Initialization) Total time: 6.05 seconds
[2023.03.30-02.34.32:345][  0]LogLoad: (Engine Initialization) Total Blueprint compile time: 0.00 seconds
[2023.03.30-02.34.32:387][  0]LogAssetRegistry: Asset discovery search completed in 3.5937 seconds
[2023.03.30-02.34.32:392][  0]LogCollectionManager: Fixed up redirectors for 0 collections in 0.000002 seconds (updated 0 objects)
[2023.03.30-02.34.32:394][  0]LogContentStreaming: Texture pool size now 1000 MB
[2023.03.30-02.34.32:663][  3]LogSlate: Took 0.000436 seconds to synchronously load lazily loaded font '../../../Engine/Content/Slate/Fonts/Roboto-Light.ttf' (167K)
[2023.03.30-02.34.33:462][ 24]LogSlate: Took 0.000827 seconds to synchronously load lazily loaded font '../../../Engine/Content/Slate/Fonts/Roboto-Light.ttf' (167K)
